12020 loaded 0 counts, is this a problem?
removing AAACCTGGTGCAGGTA as doublet
removing AAACGGGGTAAGGGCT as doublet
removing AAACGGGTCGAATCCA as doublet
removing AAACGGGTCGTAGGTT as doublet
removing AAAGATGGTCGGCTCA as doublet
removing AAAGTAGAGACAAAGG as doublet
removing AAAGTAGGTCAACTGT as doublet
removing AAAGTAGTCCTGCAGG as doublet
removing AAAGTAGTCGTCCGTT as doublet
removing AAATGCCAGCGAGAAA as doublet
removing AAATGCCAGGATGGAA as doublet
removing AAATGCCAGTTACCCA as doublet
removing AAATGCCCACACTGCG as doublet
removing AAATGCCCACATCCGG as doublet
removing AAATGCCTCGAACGGA as doublet
removing AACACGTAGAGGGCTT as doublet
removing AACACGTCAAGGACAC as doublet
removing AACACGTGTAGAAGGA as doublet
removing AACACGTGTCTGCCAG as doublet
removing AACACGTGTGACAAAT as doublet
removing AACACGTTCCTTTCTC as doublet
removing AACCATGAGATAGCAT as doublet
removing AACCATGAGATGTCGG as doublet
removing AACCATGAGGGCACTA as doublet
removing AACCATGAGTACGACG as doublet
removing AACCATGGTCCTGCTT as doublet
removing AACCATGTCAATCACG as doublet
removing AACCGCGAGCCTTGAT as doublet
removing AACCGCGTCCGGGTGT as doublet
removing AACGTTGCACTGTTAG as doublet
removing AACTCAGAGATACACA as doublet
removing AACTCAGAGCTAGTTC as doublet
removing AACTCAGCAGCCAGAA as doublet
removing AACTCCCGTCAAAGCG as doublet
removing AACTCCCGTCTGCAAT as doublet
removing AACTCCCTCATGCATG as doublet
removing AACTCTTAGCTAAACA as doublet
removing AACTCTTAGCTACCGC as doublet
removing AACTCTTCAAGAGGCT as doublet
removing AACTCTTCAAGCCTAT as doublet
removing AACTCTTGTCACTTCC as doublet
removing AACTCTTGTGTATGGG as doublet
removing AACTCTTGTTCCACGG as doublet
removing AACTGGTCAGGGTTAG as doublet
removing AACTGGTGTATGAATG as doublet
removing AACTGGTGTCATTAGC as doublet
removing AACTGGTTCATCATTC as doublet
removing AACTTTCGTCCAGTAT as doublet
removing AAGACCTAGAAGGTTT as doublet
removing AAGACCTCATTAGCCA as doublet
removing AAGCCGCAGCGATGAC as doublet
removing AAGCCGCGTACATCCA as doublet
removing AAGGAGCTCGTCACGG as doublet
removing AAGGCAGAGTCTTGCA as doublet
removing AAGGCAGGTGAAAGAG as doublet
removing AAGGCAGGTGTGAATA as doublet
removing AAGGCAGTCTAACTCT as doublet
removing AAGGTTCCATCCCATC as doublet
removing AAGGTTCGTATTACCG as doublet
removing AAGGTTCGTGGACGAT as doublet
removing AAGTCTGAGGGATGGG as doublet
removing AAGTCTGCACACCGAC as doublet
removing AAGTCTGTCCTCAATT as doublet
removing AAGTCTGTCTCGCATC as doublet
removing AATCCAGAGTGGAGAA as doublet
removing AATCCAGCAAAGCGGT as doublet
removing AATCCAGCACAGGTTT as doublet
removing AATCCAGCAGCCAATT as doublet
removing AATCCAGCAGGACCCT as doublet
removing AATCCAGTCATAACCG as doublet
removing AATCGGTCACCGATAT as doublet
removing AATCGGTTCCAAACTG as doublet
removing AATCGGTTCCGGGTGT as doublet
removing ACACCAAAGACTAGAT as doublet
removing ACACCAAAGTATGACA as doublet
removing ACACCAAAGTGTACTC as doublet
removing ACACCAACACACAGAG as doublet
removing ACACCAACACGAGGTA as doublet
removing ACACCAATCTTCGAGA as doublet
removing ACACCCTTCCGCTGTT as doublet
removing ACACCCTTCTACGAGT as doublet
removing ACACCGGCACCAGGTC as doublet
removing ACACCGGGTTTAAGCC as doublet
removing ACACTGAAGAGGTTGC as doublet
removing ACACTGAAGGTAGCTG as doublet
removing ACACTGACATTAGGCT as doublet
removing ACACTGAGTGTCTGAT as doublet
removing ACACTGATCTTTACGT as doublet
removing ACAGCCGCATGAACCT as doublet
removing ACAGCCGGTCTCCACT as doublet
removing ACAGCCGTCACCATAG as doublet
removing ACAGCTAGTCTCAACA as doublet
removing ACAGCTATCGTCCGTT as doublet
removing ACATACGAGCCGTCGT as doublet
removing ACATACGAGGTACTCT as doublet
removing ACATACGCACGTCTCT as doublet
removing ACATACGCAGCCACCA as doublet
removing ACATACGGTCTTGTCC as doublet
removing ACATACGGTGTGGTTT as doublet
removing ACATACGTCATAACCG as doublet
removing ACATCAGAGAAGATTC as doublet
removing ACATCAGCACGAGAGT as doublet
removing ACATCAGGTCGACTAT as doublet
removing ACATCAGTCAACACAC as doublet
removing ACATGGTAGACAGGCT as doublet
removing ACATGGTAGCTTCGCG as doublet
removing ACATGGTCACAGACTT as doublet
removing ACATGGTCAGCTTAAC as doublet
removing ACATGGTGTGAAATCA as doublet
removing ACCAGTAAGCGATTCT as doublet
removing ACCAGTAAGTCGATAA as doublet
removing ACCAGTAAGTGTCCAT as doublet
removing ACCAGTAGTACCGTTA as doublet
removing ACCAGTAGTTCGGCAC as doublet
removing ACCAGTAGTTGCGTTA as doublet
removing ACCAGTATCTGAAAGA as doublet
removing ACCCACTGTCATACTG as doublet
removing ACCCACTTCGACGGAA as doublet
removing ACCGTAAAGGGAAACA as doublet
removing ACCGTAATCTTACCTA as doublet
removing ACCTTTACATTATCTC as doublet
removing ACCTTTATCGGAGGTA as doublet
removing ACCTTTATCTATCGCC as doublet
removing ACGAGCCAGTCGTTTG as doublet
removing ACGAGCCGTGTCCTCT as doublet
removing ACGAGCCGTTGCTCCT as doublet
removing ACGAGCCTCACTATTC as doublet
removing ACGAGGAAGCCAGTTT as doublet
removing ACGAGGAAGGAGTACC as doublet
removing ACGAGGACATACTACG as doublet
removing ACGAGGAGTCCGTGAC as doublet
removing ACGAGGATCGGAAATA as doublet
removing ACGATACAGATACACA as doublet
removing ACGATACCATTCTTAC as doublet
removing ACGATACGTAGGCATG as doublet
removing ACGATACTCAAACCGT as doublet
removing ACGATACTCTCGCTTG as doublet
removing ACGATACTCTTGCATT as doublet
removing ACGATGTAGTCCCACG as doublet
removing ACGATGTGTCTCCCTA as doublet
removing ACGCAGCCAATAGCGG as doublet
removing ACGCAGCGTATATCCG as doublet
removing ACGCAGCTCAACGAAA as doublet
removing ACGCAGCTCGAGCCCA as doublet
removing ACGCAGCTCTTACCTA as doublet
removing ACGCCAGCAAGACGTG as doublet
removing ACGCCAGCAGATTGCT as doublet
removing ACGCCAGCATGTCTCC as doublet
removing ACGCCAGGTACCGAGA as doublet
removing ACGCCAGGTATCTGCA as doublet
removing ACGCCAGTCTGTTGAG as doublet
removing ACGCCGAAGACAAGCC as doublet
removing ACGCCGACACGGACAA as doublet
removing ACGCCGATCTGAGTGT as doublet
removing ACGGAGAGTTTGACAC as doublet
removing ACGGAGATCAATCACG as doublet
removing ACGGCCATCCCTCTTT as doublet
removing ACGGGCTAGCTAGGCA as doublet
removing ACGGGCTAGGAGTAGA as doublet
removing ACGGGCTCAGTTCCCT as doublet
removing ACGGGCTGTCAGTGGA as doublet
removing ACGGGCTTCGTATCAG as doublet
removing ACGGGCTTCGTTACGA as doublet
removing ACGGGCTTCGTTTAGG as doublet
removing ACGTCAACACAACGTT as doublet
removing ACGTCAACATGTAAGA as doublet
removing ACGTCAATCTATCCCG as doublet
removing ACTATCTCATGGGAAC as doublet
removing ACTATCTGTCGCGAAA as doublet
removing ACTATCTGTTCCCTTG as doublet
removing ACTGAACCAAATCCGT as doublet
removing ACTGAACCACATCCAA as doublet
removing ACTGAACGTATTCTCT as doublet
removing ACTGAACGTTCGTCTC as doublet
removing ACTGAACTCATCGGAT as doublet
removing ACTGAACTCCGTACAA as doublet
removing ACTGAGTAGCCGATTT as doublet
removing ACTGAGTCAGTGGGAT as doublet
removing ACTGAGTCATCGGACC as doublet
removing ACTGAGTTCTTAACCT as doublet
removing ACTGATGCATTACCTT as doublet
removing ACTGATGGTGTAACGG as doublet
removing ACTGCTCAGATGTAAC as doublet
removing ACTGCTCAGTCCCACG as doublet
removing ACTGCTCCACCAGGTC as doublet
removing ACTGCTCGTTACTGAC as doublet
removing ACTGCTCGTTTGTTGG as doublet
removing ACTGCTCTCAATCTCT as doublet
removing ACTGCTCTCCGCATAA as doublet
removing ACTGCTCTCGTCTGAA as doublet
removing ACTGCTCTCTGGCGAC as doublet
removing ACTGTCCAGTACGCGA as doublet
removing ACTGTCCGTACTTAGC as doublet
removing ACTGTCCGTCAGATAA as doublet
removing ACTGTCCTCGGTCTAA as doublet
removing ACTTACTGTAAAGGAG as doublet
removing ACTTACTGTAGATTAG as doublet
removing ACTTACTTCCCAGGTG as doublet
removing ACTTGTTCAACGATGG as doublet
removing ACTTTCAAGCAGGCTA as doublet
removing ACTTTCACATGCCTAA as doublet
removing ACTTTCAGTCATGCAT as doublet
removing ACTTTCATCTAGCACA as doublet
removing AGAATAGAGAGGGATA as doublet
removing AGAATAGGTAAGTAGT as doublet
removing AGAATAGGTCTAAAGA as doublet
removing AGACGTTCAAGCCCAC as doublet
removing AGACGTTCACATTTCT as doublet
removing AGACGTTGTCAGCTAT as doublet
removing AGACGTTTCGGTCTAA as doublet
removing AGAGCGACAAGCTGTT as doublet
removing AGAGCGAGTATTCGTG as doublet
removing AGAGCGATCAACCAAC as doublet
removing AGAGCGATCAGTCCCT as doublet
removing AGAGCGATCGTGGTCG as doublet
removing AGAGCTTAGAGCTATA as doublet
removing AGAGCTTGTTCCACTC as doublet
removing AGAGTGGCACAGACTT as doublet
removing AGAGTGGCACCAGCAC as doublet
removing AGAGTGGGTATATCCG as doublet
removing AGAGTGGGTTACGTCA as doublet
removing AGAGTGGGTTGTTTGG as doublet
removing AGAGTGGTCCTGTACC as doublet
removing AGATTGCCAGGCAGTA as doublet
removing AGATTGCCATGAACCT as doublet
removing AGATTGCTCAAGGCTT as doublet
removing AGCAGCCGTAAGTTCC as doublet
removing AGCAGCCGTACGACCC as doublet
removing AGCAGCCGTAGCCTCG as doublet
removing AGCAGCCGTCCAGTGC as doublet
removing AGCAGCCTCCTATTCA as doublet
removing AGCATACTCAGGCCCA as doublet
removing AGCCTAAAGAACAACT as doublet
removing AGCCTAATCTAACTCT as doublet
removing AGCGGTCAGACGCACA as doublet
removing AGCGGTCAGGGATGGG as doublet
removing AGCGGTCAGTTTGCGT as doublet
removing AGCGGTCGTCTGCGGT as doublet
removing AGCGTATAGAGGGCTT as doublet
removing AGCGTATAGATACACA as doublet
removing AGCGTATCAGAGCCAA as doublet
removing AGCGTATCAGGAATGC as doublet
removing AGCGTATGTACAGACG as doublet
removing AGCGTATGTATAGTAG as doublet
removing AGCGTATTCATCTGCC as doublet
removing AGCTCCTAGGACAGCT as doublet
removing AGCTCCTCAAGCGTAG as doublet
removing AGCTCCTCATTCACTT as doublet
removing AGCTCCTGTACCTACA as doublet
removing AGCTCCTGTTTGGCGC as doublet
removing AGCTCCTTCTGGCGAC as doublet
removing AGCTCTCAGACTCGGA as doublet
removing AGCTCTCAGGATATAC as doublet
removing AGCTTGAAGACCCACC as doublet
removing AGCTTGAGTATTACCG as doublet
removing AGCTTGATCCGAAGAG as doublet
removing AGCTTGATCTCTGCTG as doublet
removing AGGCCACCACAGACAG as doublet
removing AGGCCACCAGCTGCAC as doublet
removing AGGCCACGTGAACCTT as doublet
removing AGGCCACGTTGTCGCG as doublet
removing AGGCCACTCGTGGTCG as doublet
removing AGGCCACTCTGGGCCA as doublet
removing AGGCCGTAGGCAGTCA as doublet
removing AGGCCGTAGGTGCACA as doublet
removing AGGCCGTCATACTCTT as doublet
removing AGGCCGTGTGCTAGCC as doublet
removing AGGCCGTTCCACGCAG as doublet
removing AGGGAGTAGCTGTCTA as doublet
removing AGGGAGTGTCTGGTCG as doublet
removing AGGGATGAGGTGGGTT as doublet
removing AGGGATGAGTGTACTC as doublet
removing AGGGATGCACGGTAGA as doublet
removing AGGGATGCATAACCTG as doublet
removing AGGGATGCATCTGGTA as doublet
removing AGGGATGGTCGAAAGC as doublet
removing AGGGATGTCTGCGACG as doublet
removing AGGGTGAAGGACAGCT as doublet
removing AGGGTGAAGTGTCTCA as doublet
removing AGGGTGACAGGATTGG as doublet
removing AGGGTGATCGGTGTCG as doublet
removing AGGTCATAGAGTACAT as doublet
removing AGGTCCGAGAACAATC as doublet
removing AGGTCCGAGACTTGAA as doublet
removing AGGTCCGTCGCTGATA as doublet
removing AGGTCCGTCTCCTATA as doublet
removing AGTAGTCAGCTGATAA as doublet
removing AGTAGTCGTTCGTTGA as doublet
removing AGTAGTCTCACCGGGT as doublet
removing AGTAGTCTCGCGATCG as doublet
removing AGTCTTTCAATGGACG as doublet
removing AGTCTTTGTGGAAAGA as doublet
removing AGTCTTTGTTCCATGA as doublet
removing AGTGAGGAGACCTTTG as doublet
removing AGTGAGGGTTTGGCGC as doublet
removing AGTGAGGTCTTTAGGG as doublet
removing AGTGGGAAGCAACGGT as doublet
removing AGTGGGAAGTACGCGA as doublet
removing AGTGGGACAGTTAACC as doublet
removing AGTGGGAGTTCCTCCA as doublet
removing AGTGGGAGTTCGTGAT as doublet
removing AGTGGGATCGCGATCG as doublet
removing AGTGTCAAGAGACGAA as doublet
removing AGTGTCAAGATCCTGT as doublet
removing AGTGTCAAGCGACGTA as doublet
removing AGTGTCAAGTAAGTAC as doublet
removing AGTGTCAAGTGACATA as doublet
removing AGTGTCACAAGAGGCT as doublet
removing AGTGTCACACCAGGTC as doublet
removing AGTGTCACATGCGCAC as doublet
removing AGTGTCACATTGGTAC as doublet
removing AGTGTCAGTTACGACT as doublet
removing AGTGTCATCATTCACT as doublet
removing ATAACGCAGAGCTATA as doublet
removing ATAACGCCACATCCGG as doublet
removing ATAACGCCATAGTAAG as doublet
removing ATAACGCCATTCACTT as doublet
removing ATAACGCGTTAGGGTG as doublet
removing ATAACGCTCTCAAGTG as doublet
removing ATAAGAGCATGACATC as doublet
removing ATAAGAGTCGGCTACG as doublet
removing ATAGACCAGAACTCGG as doublet
removing ATAGACCAGCAGGCTA as doublet
removing ATAGACCGTATAATGG as doublet
removing ATAGACCTCCAAGTAC as doublet
removing ATCACGAAGACTTGAA as doublet
removing ATCACGAGTACCAGTT as doublet
removing ATCACGAGTATAATGG as doublet
removing ATCACGAGTGTTAAGA as doublet
removing ATCACGAGTTACCGAT as doublet
removing ATCACGATCAGTTTGG as doublet
removing ATCATCTAGGCCCGTT as doublet
removing ATCATCTAGGTACTCT as doublet
removing ATCATCTAGTCGTACT as doublet
removing ATCATCTGTATCTGCA as doublet
removing ATCATGGAGATCGGGT as doublet
removing ATCATGGGTAGGGTAC as doublet
removing ATCATGGGTCATATGC as doublet
removing ATCCACCAGGGATCTG as doublet
removing ATCCACCAGGTGATTA as doublet
removing ATCCACCCACAACTGT as doublet
removing ATCCACCCACCATGTA as doublet
removing ATCCACCGTACATGTC as doublet
removing ATCCACCGTCTCATCC as doublet
removing ATCCACCGTCTTGATG as doublet
removing ATCCACCGTGAGGCTA as doublet
removing ATCCACCTCAACGGGA as doublet
removing ATCCACCTCCGCAAGC as doublet
removing ATCCGAAAGCAGACTG as doublet
removing ATCCGAAGTAAGAGGA as doublet
removing ATCCGAATCCCTGACT as doublet
removing ATCGAGTAGCTGAACG as doublet
removing ATCGAGTCATCTGGTA as doublet
removing ATCGAGTGTATATCCG as doublet
removing ATCGAGTGTGAGGCTA as doublet
removing ATCGAGTTCATGCATG as doublet
removing ATCTACTAGACTTGAA as doublet
removing ATCTACTAGCGAAGGG as doublet
removing ATCTACTAGTTCGCGC as doublet
removing ATCTACTCAATCTACG as doublet
removing ATCTACTCACGGCCAT as doublet
removing ATCTACTCATCATCCC as doublet
removing ATCTACTCATCCTAGA as doublet
removing ATCTGCCAGCGTTGCC as doublet
removing ATCTGCCAGTACATGA as doublet
removing ATCTGCCTCACTTCAT as doublet
removing ATCTGCCTCCACGTTC as doublet
removing ATCTGCCTCCGTACAA as doublet
removing ATGAGGGAGTCAAGCG as doublet
removing ATGAGGGGTTATGTGC as doublet
removing ATGAGGGTCGTTTATC as doublet
removing ATGAGGGTCTCTTATG as doublet
removing ATGCGATCACAGACAG as doublet
removing ATGCGATGTGATAAGT as doublet
removing ATGCGATGTTTGGGCC as doublet
removing ATGCGATTCGGTGTTA as doublet
removing ATGGGAGGTAGAGCTG as doublet
removing ATGGGAGTCATAACCG as doublet
removing ATGTGTGAGTTGCAGG as doublet
removing ATGTGTGCATGCCACG as doublet
removing ATTACTCAGAGTGAGA as doublet
removing ATTACTCCACCCATGG as doublet
removing ATTACTCTCTGAGGGA as doublet
removing ATTATCCAGCCGATTT as doublet
removing ATTATCCAGGGTTTCT as doublet
removing ATTATCCAGTGTGGCA as doublet
removing ATTATCCCACGGTGTC as doublet
removing ATTATCCGTAGAGCTG as doublet
removing ATTATCCGTTATGCGT as doublet
removing ATTATCCTCACTTCAT as doublet
removing ATTATCCTCTGGAGCC as doublet
removing ATTCTACAGGGTTCCC as doublet
removing ATTCTACCAAGCTGGA as doublet
removing ATTCTACCATTTCACT as doublet
removing ATTGGACCACCCATTC as doublet
removing ATTGGACGTCAATGTC as doublet
removing ATTGGACGTGAGGCTA as doublet
removing ATTGGTGAGAATAGGG as doublet
removing ATTGGTGAGATGTAAC as doublet
removing ATTGGTGCACATGGGA as doublet
removing ATTGGTGCAGTATAAG as doublet
removing ATTGGTGCATCGACGC as doublet
removing ATTTCTGAGTAGCGGT as doublet
removing ATTTCTGGTGGCGAAT as doublet
removing CAACCTCAGAGCCTAG as doublet
removing CAACCTCAGGTGTGGT as doublet
removing CAACCTCTCAACCAAC as doublet
removing CAACCTCTCCATGAAC as doublet
removing CAACTAGCACATGTGT as doublet
removing CAACTAGGTGGCGAAT as doublet
removing CAAGAAAAGTCATCCA as doublet
removing CAAGAAAAGTCTCCTC as doublet
removing CAAGAAAGTAAGAGGA as doublet
removing CAAGAAAGTATATGGA as doublet
removing CAAGAAAGTTAAGAAC as doublet
removing CAAGAAAGTTCGAATC as doublet
removing CAAGATCCAAATACAG as doublet
removing CAAGATCCAATGGTCT as doublet
removing CAAGATCCATTCACTT as doublet
removing CAAGATCTCGTCACGG as doublet
removing CAAGGCCGTACCAGTT as doublet
removing CAAGGCCGTCATCGGC as doublet
removing CAAGGCCGTCTAGTGT as doublet
removing CAAGGCCTCCACGTGG as doublet
removing CAAGGCCTCTTGCAAG as doublet
removing CAAGTTGCAGATCGGA as doublet
removing CAAGTTGCATTAGCCA as doublet
removing CAAGTTGGTGATAAGT as doublet
removing CAAGTTGGTGTTGGGA as doublet
removing CACAAACAGAATGTGT as doublet
removing CACAAACAGACCTAGG as doublet
removing CACAAACGTCCTCCAT as doublet
removing CACACAAAGGCATGGT as doublet
removing CACACAAGTTACGACT as doublet
removing CACACAATCGCACTCT as doublet
removing CACACAATCTAACGGT as doublet
removing CACACCTCACGTCAGC as doublet
removing CACACCTCATCCGGGT as doublet
removing CACACTCCAGATAATG as doublet
removing CACACTCCATAGACTC as doublet
removing CACACTCGTATAGTAG as doublet
removing CACACTCGTCAAACTC as doublet
removing CACACTCTCTCGTTTA as doublet
removing CACAGGCAGACACGAC as doublet
removing CACAGGCCAAACTGTC as doublet
removing CACAGGCCACCGTTGG as doublet
removing CACAGGCGTTAAAGAC as doublet
removing CACAGGCGTTTACTCT as doublet
removing CACAGGCTCGGTGTCG as doublet
removing CACAGGCTCGTGGACC as doublet
removing CACAGGCTCTTGACGA as doublet
removing CACAGTAGTTGCCTCT as doublet
removing CACATAGAGCATCATC as doublet
removing CACATAGCACCGCTAG as doublet
removing CACATAGCAGTAAGCG as doublet
removing CACATAGCATCAGTCA as doublet
removing CACATAGTCCACGTTC as doublet
removing CACATAGTCGGATGTT as doublet
removing CACATTTGTATATGGA as doublet
removing CACATTTGTCCCTTGT as doublet
removing CACATTTTCCGCGTTT as doublet
removing CACCACTCAGTATAAG as doublet
removing CACCACTGTATAGTAG as doublet
removing CACCACTGTTCGCGAC as doublet
removing CACCACTTCGGCATCG as doublet
removing CACCACTTCTTTAGTC as doublet
removing CACCAGGAGACCTTTG as doublet
removing CACCAGGAGTATCTCG as doublet
removing CACCAGGCACAACGCC as doublet
removing CACCAGGGTCCGTGAC as doublet
removing CACCTTGGTACCGAGA as doublet
removing CACTCCAAGACGCAAC as doublet
removing CACTCCACACGAGGTA as doublet
removing CACTCCACAGACTCGC as doublet
removing CAGAATCAGACCTTTG as doublet
removing CAGAATCCACCACGTG as doublet
removing CAGAATCGTATAGGTA as doublet
removing CAGAATCGTATATGGA as doublet
removing CAGAATCTCCAATGGT as doublet
removing CAGAGAGAGCGTTGCC as doublet
removing CAGAGAGCAGCTGGCT as doublet
removing CAGAGAGGTAGCGCAA as doublet
removing CAGAGAGGTTCGTGAT as doublet
removing CAGAGAGTCGCCCTTA as doublet
removing CAGATCAAGTGTACCT as doublet
removing CAGATCACAGCGAACA as doublet
removing CAGATCACATGCCACG as doublet
removing CAGATCACATGCTGGC as doublet
removing CAGATCATCTAACGGT as doublet
removing CAGATCATCTTATCTG as doublet
removing CAGCAGCAGTGATCGG as doublet
removing CAGCAGCCACAGTCGC as doublet
removing CAGCAGCGTACTCTCC as doublet
removing CAGCAGCTCGCATGGC as doublet
removing CAGCATAAGAGGTAGA as doublet
removing CAGCATACAATACGCT as doublet
removing CAGCATAGTCGCATAT as doublet
removing CAGCATATCCAGATCA as doublet
removing CAGCCGAAGCCCGAAA as doublet
removing CAGCCGAGTAGAAAGG as doublet
removing CAGCCGAGTGCGATAG as doublet
removing CAGCCGAGTGGCAAAC as doublet
removing CAGCCGAGTTCGGGCT as doublet
removing CAGCCGATCAGCATGT as doublet
removing CAGCCGATCTCATTCA as doublet
removing CAGCGACAGATGTGGC as doublet
removing CAGCGACAGGTGCACA as doublet
removing CAGCGACAGTGTTAGA as doublet
removing CAGCGACCATCCCACT as doublet
removing CAGCTAAGTACAAGTA as doublet
removing CAGCTAAGTACAGTGG as doublet
removing CAGCTAAGTCCTGCTT as doublet
removing CAGCTAATCTGAGGGA as doublet
removing CAGCTGGAGGACCACA as doublet
removing CAGCTGGCAGTAACGG as doublet
removing CAGCTGGGTCCATCCT as doublet
removing CAGCTGGGTTCCTCCA as doublet
removing CAGCTGGTCACCAGGC as doublet
removing CAGCTGGTCCCTTGTG as doublet
removing CAGGTGCAGAAGGTGA as doublet
removing CAGGTGCGTTCGCGAC as doublet
removing CAGGTGCTCATGCAAC as doublet
removing CAGGTGCTCCTAAGTG as doublet
removing CAGGTGCTCTGTCTAT as doublet
removing CAGTAACAGGTGTTAA as doublet
removing CAGTAACGTCCTCCAT as doublet
removing CAGTAACGTTCGTTGA as doublet
removing CAGTAACTCGCTGATA as doublet
removing CAGTAACTCTTTAGTC as doublet
removing CAGTCCTAGATGGCGT as doublet
removing CAGTCCTAGGCCCTTG as doublet
removing CAGTCCTCAAGCTGGA as doublet
removing CAGTCCTCAGATTGCT as doublet
removing CAGTCCTCAGGGAGAG as doublet
removing CAGTCCTGTTGTTTGG as doublet
removing CAGTCCTTCATATCGG as doublet
removing CAGTCCTTCTTGAGAC as doublet
removing CATATGGAGTGTTGAA as doublet
removing CATATGGGTTCGGGCT as doublet
removing CATATTCAGCCACGTC as doublet
removing CATATTCGTGGTCTCG as doublet
removing CATCAAGAGCCGGTAA as doublet
removing CATCAAGCAAGAAAGG as doublet
removing CATCAAGCAGCCTGTG as doublet
removing CATCAAGTCCTAGGGC as doublet
removing CATCCACAGTAGGCCA as doublet
removing CATCCACCACCAGGTC as doublet
removing CATCGAAAGATGCCAG as doublet
removing CATCGAAAGGAGCGTT as doublet
removing CATCGAAAGTTCGATC as doublet
removing CATCGAATCATCGGAT as doublet
removing CATCGGGAGGCCGAAT as doublet
removing CATCGGGCAAGCGAGT as doublet
removing CATCGGGCAAGGTTCT as doublet
removing CATCGGGGTTGTCTTT as doublet
removing CATCGGGTCGAACTGT as doublet
removing CATGACACATGTCTCC as doublet
removing CATGACATCAAGCCTA as doublet
removing CATGCCTAGCTGCAAG as doublet
removing CATGCCTAGTGAACAT as doublet
removing CATGCCTCAGCTGGCT as doublet
removing CATGCCTTCAACGGGA as doublet
removing CATGCCTTCGCGGATC as doublet
removing CATGGCGAGATGGCGT as doublet
removing CATGGCGAGGCCCTCA as doublet
removing CATGGCGGTCGTCTTC as doublet
removing CATGGCGTCCTCGCAT as doublet
removing CATGGCGTCCTCTAGC as doublet
removing CATGGCGTCTCGCATC as doublet
removing CATTATCAGTCAAGCG as doublet
removing CATTATCCACCGTTGG as doublet
removing CATTATCGTGCACCAC as doublet
removing CATTATCGTTACGCGC as doublet
removing CATTATCGTTCCCGAG as doublet
removing CATTATCTCGGTCCGA as doublet
removing CATTCGCCACCAACCG as doublet
removing CATTCGCCAGATCTGT as doublet
removing CATTCGCGTGCAGTAG as doublet
removing CCAATCCGTACAGTGG as doublet
removing CCACCTAAGTCTCCTC as doublet
removing CCACCTACAGACGCCT as doublet
removing CCACCTAGTCTCAACA as doublet
removing CCACGGACAATCCAAC as doublet
removing CCACGGACACCTATCC as doublet
removing CCACGGACAGATAATG as doublet
removing CCACTACAGAGGTTAT as doublet
removing CCACTACAGAGTAATC as doublet
removing CCACTACAGCAGGCTA as doublet
removing CCACTACCACACGCTG as doublet
removing CCACTACCAGATAATG as doublet
removing CCACTACTCTGGCGTG as doublet
removing CCAGCGACACAGACTT as doublet
removing CCAGCGACACCGTTGG as doublet
removing CCAGCGATCGGAATCT as doublet
removing CCATGTCAGATCTGAA as doublet
removing CCATGTCGTCCGACGT as doublet
removing CCATGTCGTCGCTTCT as doublet
removing CCATGTCTCACCACCT as doublet
removing CCATGTCTCCAAGCCG as doublet
removing CCATGTCTCCGCGCAA as doublet
removing CCATGTCTCTCTGCTG as doublet
removing CCATTCGAGAGACTAT as doublet
removing CCATTCGAGCCACGTC as doublet
removing CCATTCGGTGGACGAT as doublet
removing CCATTCGTCCTACAGA as doublet
removing CCATTCGTCGTCCGTT as doublet
removing CCATTCGTCTCCTATA as doublet
removing CCCAATCAGGTGCTTT as doublet
removing CCCAATCGTGCACCAC as doublet
removing CCCAATCGTTGAACTC as doublet
removing CCCAGTTAGAGTGAGA as doublet
removing CCCAGTTCACGGTTTA as doublet
removing CCCAGTTGTCCAGTGC as doublet
removing CCCAGTTGTGCGCTTG as doublet
removing CCCATACGTCCAACTA as doublet
removing CCCATACTCCGCAAGC as doublet
removing CCCATACTCTCTGCTG as doublet
removing CCCTCCTTCGTGGTCG as doublet
removing CCGGGATGTACTCAAC as doublet
removing CCGGGATGTTATCACG as doublet
removing CCGGTAGCATCCAACA as doublet
removing CCGGTAGGTCCGAGTC as doublet
removing CCGTACTAGATGCGAC as doublet
removing CCGTACTCACCTCGGA as doublet
removing CCGTACTCAGGTCGTC as doublet
removing CCGTACTCATAAAGGT as doublet
removing CCGTACTTCAGTTCGA as doublet
removing CCGTACTTCGCATGGC as doublet
removing CCGTGGAAGAGGGCTT as doublet
removing CCGTGGACACCATCCT as doublet
removing CCGTGGACAGCTGCAC as doublet
removing CCGTGGAGTCCGAATT as doublet
removing CCGTGGAGTTGGTAAA as doublet
removing CCGTGGATCATGCTCC as doublet
removing CCGTGGATCGGAGCAA as doublet
removing CCGTTCAAGGTAGCTG as doublet
removing CCGTTCACACTTAACG as doublet
removing CCGTTCACAGGCTGAA as doublet
removing CCGTTCAGTGCGCTTG as doublet
removing CCTAAAGAGACTTTCG as doublet
removing CCTAAAGAGCATCATC as doublet
removing CCTAAAGCACACGCTG as doublet
removing CCTAAAGCACTTCGAA as doublet
removing CCTAAAGGTCTTTCAT as doublet
removing CCTAAAGGTTCAGGCC as doublet
removing CCTAAAGTCAACGGCC as doublet
removing CCTACACGTCATGCAT as doublet
removing CCTACACGTGAAGGCT as doublet
removing CCTACCACACCGGAAA as doublet
removing CCTACCATCACTCCTG as doublet
removing CCTAGCTAGGGATGGG as doublet
removing CCTAGCTCACCGAAAG as doublet
removing CCTAGCTCACTCGACG as doublet
removing CCTAGCTCAGCTCCGA as doublet
removing CCTAGCTCATCGGGTC as doublet
removing CCTAGCTGTGCACTTA as doublet
removing CCTAGCTTCGCAGGCT as doublet
removing CCTATTAAGGAATCGC as doublet
removing CCTATTACAGCCTGTG as doublet
removing CCTATTAGTCAATGTC as doublet
removing CCTATTAGTCGCCATG as doublet
removing CCTATTAGTTTGACTG as doublet
removing CCTATTATCATGCATG as doublet
removing CCTATTATCCTATTCA as doublet
removing CCTCAGTAGAAGGGTA as doublet
removing CCTCAGTAGGATGCGT as doublet
removing CCTCAGTCAGGCTCAC as doublet
removing CCTCAGTGTTCCACGG as doublet
removing CCTCAGTTCAAAGACA as doublet
removing CCTCAGTTCGGTTAAC as doublet
removing CCTCTGAAGAGGTTAT as doublet
removing CCTCTGACAGTAACGG as doublet
removing CCTCTGAGTCCGACGT as doublet
removing CCTCTGAGTGACAAAT as doublet
removing CCTCTGAGTTGCGTTA as doublet
removing CCTCTGATCAGGTTCA as doublet
removing CCTCTGATCTAACTCT as doublet
removing CCTTACGCACATGTGT as doublet
removing CCTTACGCAGGGTATG as doublet
removing CCTTACGGTAGGACAC as doublet
removing CCTTACGGTCGTTGTA as doublet
removing CCTTACGTCACGAAGG as doublet
removing CCTTACGTCTAGCACA as doublet
removing CCTTACGTCTCGAGTA as doublet
removing CCTTCCCAGCGATATA as doublet
removing CCTTCCCCAGGTCCAC as doublet
removing CCTTCCCCAGTTCCCT as doublet
removing CCTTCGACAGAGCCAA as doublet
removing CCTTCGACATGAACCT as doublet
removing CCTTCGAGTGCATCTA as doublet
removing CCTTCGAGTTTGACAC as doublet
removing CCTTCGATCACTTACT as doublet
removing CCTTCGATCATGTCCC as doublet
removing CCTTCGATCTAACTGG as doublet
removing CCTTCGATCTCAACTT as doublet
removing CCTTTCTAGGGAACGG as doublet
removing CCTTTCTGTACTTCTT as doublet
removing CCTTTCTGTATGCTTG as doublet
removing CCTTTCTGTATGGTTC as doublet
removing CCTTTCTTCACCAGGC as doublet
removing CCTTTCTTCGCGTTTC as doublet
removing CGAACATAGAGGACGG as doublet
removing CGAACATAGAGGTTGC as doublet
removing CGAACATAGGTAGCCA as doublet
removing CGAACATCACATCTTT as doublet
removing CGAACATCAGGTCTCG as doublet
removing CGAACATTCAACACTG as doublet
removing CGAATGTAGTGAATTG as doublet
removing CGAATGTTCATCGCTC as doublet
removing CGACCTTAGGAATGGA as doublet
removing CGACCTTGTGATGCCC as doublet
removing CGACCTTTCGTCACGG as doublet
removing CGACTTCAGCTAACAA as doublet
removing CGACTTCAGGCTATCT as doublet
removing CGACTTCGTAAGTTCC as doublet
removing CGACTTCGTCGCGTGT as doublet
removing CGACTTCTCATGCTCC as doublet
removing CGAGAAGAGCACCGCT as doublet
removing CGAGAAGCACATCCAA as doublet
removing CGAGAAGGTAACGCGA as doublet
removing CGAGAAGGTAAGAGAG as doublet
removing CGAGAAGGTTGACGTT as doublet
removing CGAGAAGTCTACTCAT as doublet
removing CGAGCACAGAGTCTGG as doublet
removing CGAGCACCAAAGTGCG as doublet
removing CGAGCCAAGCGTCTAT as doublet
removing CGAGCCACAGCATACT as doublet
removing CGAGCCAGTGTCTGAT as doublet
removing CGAGCCATCAGCGATT as doublet
removing CGAGCCATCCATGCTC as doublet
removing CGATCGGGTACCAGTT as doublet
removing CGATCGGGTAGCGTCC as doublet
removing CGATCGGTCGATGAGG as doublet
removing CGATCGGTCGCTGATA as doublet
removing CGATGGCTCCTCAATT as doublet
removing CGATGTAAGAAGGTTT as doublet
removing CGATGTAGTGTGGCTC as doublet
removing CGATGTAGTGTTAAGA as doublet
removing CGATTGAAGTGAAGTT as doublet
removing CGATTGAAGTGAATTG as doublet
removing CGATTGAGTCAAAGAT as doublet
removing CGCCAAGCAATCGAAA as doublet
removing CGCCAAGGTCGAATCT as doublet
removing CGCCAAGTCTCGCTTG as doublet
removing CGCGGTACAGCTGTGC as doublet
removing CGCGTTTTCTATCCTA as doublet
removing CGCGTTTTCTCTTATG as doublet
removing CGCTATCCAAACCTAC as doublet
removing CGCTATCCAACTGCTA as doublet
removing CGCTATCCAGACACTT as doublet
removing CGCTATCGTGCAGACA as doublet
removing CGCTATCTCAGCACAT as doublet
removing CGCTATCTCTCTTATG as doublet
removing CGCTGGACAAATCCGT as doublet
removing CGCTGGACAAGACACG as doublet
removing CGCTTCACACCACGTG as doublet
removing CGCTTCACAGCCTGTG as doublet
removing CGCTTCACAGGATCGA as doublet
removing CGCTTCAGTCCGAGTC as doublet
removing CGCTTCAGTCTTCGTC as doublet
removing CGCTTCAGTGACAAAT as doublet
removing CGCTTCAGTGATGTCT as doublet
removing CGCTTCATCCCTTGCA as doublet
removing CGGACACAGCGTAATA as doublet
removing CGGACACGTGTTGAGG as doublet
removing CGGACACTCTGTTGAG as doublet
removing CGGACGTAGAGTACCG as doublet
removing CGGACGTAGCGTTCCG as doublet
removing CGGACGTCACGGTAGA as doublet
removing CGGACGTGTGAGGCTA as doublet
removing CGGACGTTCCCATTAT as doublet
removing CGGACTGCATACTACG as doublet
removing CGGAGCTAGCAGCCTC as doublet
removing CGGAGCTCACCCAGTG as doublet
removing CGGAGCTCAGAGTGTG as doublet
removing CGGAGCTCAGCATACT as doublet
removing CGGAGCTTCAGAGGTG as doublet
removing CGGAGTCAGCGAAGGG as doublet
removing CGGAGTCAGGGCTTGA as doublet
removing CGGAGTCCACCATCCT as doublet
removing CGGAGTCGTTCAACCA as doublet
removing CGGAGTCTCCTACAGA as doublet
removing CGGCTAGAGCGGCTTC as doublet
removing CGGCTAGCAAACGCGA as doublet
removing CGGCTAGCAATGACCT as doublet
removing CGGCTAGCACCGCTAG as doublet
removing CGGCTAGCAGCTCGAC as doublet
removing CGGCTAGCATCACCCT as doublet
removing CGGCTAGGTCTAGCCG as doublet
removing CGGCTAGTCCGTTGTC as doublet
removing CGGGTCAAGGAGTACC as doublet
removing CGGGTCAAGGGCTTGA as doublet
removing CGGGTCACATCAGTAC as doublet
removing CGGGTCAGTAGGACAC as doublet
removing CGGGTCAGTCACCCAG as doublet
removing CGGGTCAGTGTGAAAT as doublet
removing CGGTTAAAGGGCTTCC as doublet
removing CGGTTAAGTAGAGCTG as doublet
removing CGGTTAATCCGTAGTA as doublet
removing CGGTTAATCGGAAACG as doublet
removing CGTAGCGAGGTGACCA as doublet
removing CGTAGCGAGTCAAGCG as doublet
removing CGTAGCGCACATGTGT as doublet
removing CGTAGCGGTCCTCCAT as doublet
removing CGTAGCGTCAGAGGTG as doublet
removing CGTAGGCAGAGTACCG as doublet
removing CGTAGGCAGCGATGAC as doublet
removing CGTAGGCCAGCCTTGG as doublet
removing CGTAGGCCAGTCGATT as doublet
removing CGTAGGCGTAGTGAAT as doublet
removing CGTCACTAGACGACGT as doublet
removing CGTCACTCAAACAACA as doublet
removing CGTCACTCATGGTTGT as doublet
removing CGTCACTGTGTCTGAT as doublet
removing CGTCAGGAGACTTGAA as doublet
removing CGTCAGGAGCGTTGCC as doublet
removing CGTCAGGAGGCTCTTA as doublet
removing CGTCAGGGTTGCTCCT as doublet
removing CGTCAGGGTTTGTTTC as doublet
removing CGTCAGGTCCTAAGTG as doublet
removing CGTCAGGTCGTAGGAG as doublet
removing CGTCAGGTCTGGTGTA as doublet
removing CGTCCATTCTGATACG as doublet
removing CGTCTACAGACCGGAT as doublet
removing CGTCTACAGGAGCGTT as doublet
removing CGTCTACAGTGCGTGA as doublet
removing CGTCTACAGTTGCAGG as doublet
removing CGTGAGCCACTTACGA as doublet
removing CGTGAGCTCAATACCG as doublet
removing CGTGAGCTCGTCTGAA as doublet
removing CGTGTAAAGCGTGAAC as doublet
removing CGTGTAAAGTGGTAAT as doublet
removing CGTGTAAAGTTAACGA as doublet
removing CGTGTAAGTAGAGTGC as doublet
removing CGTGTCTGTAGAGGAA as doublet
removing CGTGTCTGTTACGACT as doublet
removing CGTGTCTTCAAAGACA as doublet
removing CGTGTCTTCTGATTCT as doublet
removing CGTTAGAAGAAACGAG as doublet
removing CGTTAGAAGCTGCAAG as doublet
removing CGTTAGATCTATGTGG as doublet
removing CGTTCTGAGCTTTGGT as doublet
removing CGTTCTGCAATCGAAA as doublet
removing CGTTCTGCAGAAGCAC as doublet
removing CGTTCTGGTCCAACTA as doublet
removing CGTTCTGGTGCCTGTG as doublet
removing CGTTCTGTCAGCATGT as doublet
removing CGTTCTGTCCAGAAGG as doublet
removing CGTTGGGCACTGTTAG as doublet
removing CGTTGGGTCTCCAGGG as doublet
removing CGTTGGGTCTGGCGAC as doublet
removing CTAACTTCAAAGCGGT as doublet
removing CTAACTTCAAGCTGAG as doublet
removing CTAACTTCAAGTACCT as doublet
removing CTAACTTCACGGCCAT as doublet
removing CTAACTTGTCTGCCAG as doublet
removing CTAACTTTCCCAGGTG as doublet
removing CTAACTTTCCGAAGAG as doublet
removing CTAAGACCAAATCCGT as doublet
removing CTAAGACCAACACCTA as doublet
removing CTAAGACCAATACGCT as doublet
removing CTAAGACCATACTCTT as doublet
removing CTAAGACCATCTATGG as doublet
removing CTAAGACCATGCTAGT as doublet
removing CTAAGACTCAGCTTAG as doublet
removing CTAATGGAGTGGACGT as doublet
removing CTAATGGGTTATTCTC as doublet
removing CTAATGGTCTCTTATG as doublet
removing CTACACCAGTGGAGTC as doublet
removing CTACACCCAGATTGCT as doublet
removing CTACACCGTCCTGCTT as doublet
removing CTACACCGTGGTACAG as doublet
removing CTACACCGTGTGACCC as doublet
removing CTACACCTCGGATGGA as doublet
removing CTACATTCACAGACAG as doublet
removing CTACATTGTGAGGGTT as doublet
removing CTACATTTCAGCAACT as doublet
removing CTACATTTCCTTTCGG as doublet
removing CTACCCAGTCAGAATA as doublet
removing CTACCCATCGCGATCG as doublet
removing CTACGTCAGGCTATCT as doublet
removing CTACGTCCAACACCCG as doublet
removing CTACGTCTCCTTCAAT as doublet
removing CTACGTCTCGAATGCT as doublet
removing CTAGAGTAGGTAAACT as doublet
removing CTAGAGTGTCACACGC as doublet
removing CTAGCCTAGAGCTGCA as doublet
removing CTAGCCTAGATAGCAT as doublet
removing CTAGTGAAGCGATGAC as doublet
removing CTAGTGACAACTGCTA as doublet
removing CTAGTGACATTCTCAT as doublet
removing CTAGTGATCAGTTAGC as doublet
removing CTAGTGATCAGTTCGA as doublet
removing CTAGTGATCTTGCCGT as doublet
removing CTCACACAGCAACGGT as doublet
removing CTCACACAGCGATATA as doublet
removing CTCACACAGCTTATCG as doublet
removing CTCACACAGGCATGTG as doublet
removing CTCACACAGTGCGATG as doublet
removing CTCACACGTGATAAAC as doublet
removing CTCACACGTGGTCCGT as doublet
removing CTCACACGTTCTGTTT as doublet
removing CTCAGAACAAGACGTG as doublet
removing CTCAGAACATAGAAAC as doublet
removing CTCAGAACATTAGGCT as doublet
removing CTCATTAAGGCTAGAC as doublet
removing CTCCTAGCAAAGCGGT as doublet
removing CTCCTAGCATTCTCAT as doublet
removing CTCCTAGTCGCTTGTC as doublet
removing CTCCTAGTCGGCGGTT as doublet
removing CTCGAAAAGTCGCCGT as doublet
removing CTCGAAAGTGATAAAC as doublet
removing CTCGAAAGTTCACGGC as doublet
removing CTCGAAATCCAAGCCG as doublet
removing CTCGAAATCCTCGCAT as doublet
removing CTCGAGGAGCGCTCCA as doublet
removing CTCGAGGCAAAGGCGT as doublet
removing CTCGAGGCACAACTGT as doublet
removing CTCGAGGTCCATGAAC as doublet
removing CTCGAGGTCTCAACTT as doublet
removing CTCGGAGAGCTTCGCG as doublet
removing CTCGGAGCAGATAATG as doublet
removing CTCGGAGCAGCCACCA as doublet
removing CTCGGAGTCCAGAAGG as doublet
removing CTCGGGAAGGCCATAG as doublet
removing CTCGGGACAGATTGCT as doublet
removing CTCGGGACAGTATGCT as doublet
removing CTCGGGATCCAACCAA as doublet
removing CTCGTACAGGTAAACT as doublet
removing CTCGTACAGTAAGTAC as doublet
removing CTCGTACAGTGCGTGA as doublet
removing CTCGTACCACCACGTG as doublet
removing CTCGTACCACGGTGTC as doublet
removing CTCGTACTCACGCGGT as doublet
removing CTCGTCAAGATGTCGG as doublet
removing CTCGTCACAAACCCAT as doublet
removing CTCGTCATCCGCTGTT as doublet
removing CTCGTCATCTGCTGCT as doublet
removing CTCTAATAGTAGTGCG as doublet
removing CTCTAATGTCTAGTCA as doublet
removing CTCTAATTCACTCCTG as doublet
removing CTCTAATTCGCCATAA as doublet
removing CTCTACGAGCTACCTA as doublet
removing CTCTACGCAGTCGATT as doublet
removing CTCTACGTCGACGGAA as doublet
removing CTCTGGTAGCTAACAA as doublet
removing CTCTGGTTCACAACGT as doublet
removing CTCTGGTTCAGGCGAA as doublet
removing CTCTGGTTCTCTTATG as doublet
removing CTGAAACTCCAAACTG as doublet
removing CTGAAACTCCAAGTAC as doublet
removing CTGAAGTTCGATGAGG as doublet
removing CTGAAGTTCGTATCAG as doublet
removing CTGATAGAGGATCGCA as doublet
removing CTGATAGAGGGCATGT as doublet
removing CTGATAGCAAGTTCTG as doublet
removing CTGATAGTCCACGAAT as doublet
removing CTGATCCAGCCAGTTT as doublet
removing CTGATCCAGCTGATAA as doublet
removing CTGATCCAGTGGTCCC as doublet
removing CTGCCTAAGTTGTCGT as doublet
removing CTGCCTACAAAGCGGT as doublet
removing CTGCCTACAGGTCTCG as doublet
removing CTGCCTAGTTCAGGCC as doublet
removing CTGCCTATCCAGAAGG as doublet
removing CTGCCTATCTGCTTGC as doublet
removing CTGCGGAAGAAGGTTT as doublet
removing CTGCGGAGTAAGGATT as doublet
removing CTGCGGAGTCGCATAT as doublet
removing CTGCGGAGTGAGCGAT as doublet
removing CTGCGGAGTGCCTGCA as doublet
removing CTGCTGTAGGACACCA as doublet
removing CTGCTGTAGTGACTCT as doublet
removing CTGGTCTCAAAGGTGC as doublet
removing CTGGTCTCAACACGCC as doublet
removing CTGGTCTCAAGTACCT as doublet
removing CTGGTCTCAATAGCGG as doublet
removing CTGGTCTGTGCAGGTA as doublet
removing CTGGTCTGTTACAGAA as doublet
removing CTGTGCTAGACTTTCG as doublet
removing CTGTGCTAGGTAGCTG as doublet
removing CTGTGCTAGTCCCACG as doublet
removing CTGTGCTCATTACGAC as doublet
removing CTGTGCTGTCGAATCT as doublet
removing CTGTTTACAGACTCGC as doublet
removing CTGTTTACAGCTGTAT as doublet
removing CTGTTTAGTGAGTGAC as doublet
removing CTGTTTAGTTCACCTC as doublet
removing CTTAACTGTTAAGGGC as doublet
removing CTTACCGTCGTTGCCT as doublet
removing CTTCTCTCAAGGACTG as doublet
removing CTTCTCTCAGGATCGA as doublet
removing CTTCTCTGTGCAGACA as doublet
removing CTTCTCTGTGGCCCTA as doublet
removing CTTCTCTGTTCAGTAC as doublet
removing CTTGGCTTCATATCGG as doublet
removing CTTTGCGCACCAGATT as doublet
removing CTTTGCGCAGGACGTA as doublet
removing CTTTGCGTCGGCTTGG as doublet
removing GAAACTCAGGCACATG as doublet
removing GAAACTCCAAGCCTAT as doublet
removing GAAACTCCATACGCTA as doublet
removing GAAACTCGTAGGACAC as doublet
removing GAAACTCTCACCCTCA as doublet
removing GAAACTCTCCGAATGT as doublet
removing GAAACTCTCGATAGAA as doublet
removing GAAATGAAGACATAAC as doublet
removing GAAATGAGTCTTGATG as doublet
removing GAAATGATCAACGGGA as doublet
removing GAACATCAGACGCAAC as doublet
removing GAACATCCAGCCTGTG as doublet
removing GAACATCCATGGAATA as doublet
removing GAACATCGTGCCTGTG as doublet
removing GAACATCGTTCTCATT as doublet
removing GAACATCGTTGTTTGG as doublet
removing GAACATCTCCGGCACA as doublet
removing GAACATCTCGCGTAGC as doublet
removing GAACCTACAGATGAGC as doublet
removing GAACCTAGTCGCATAT as doublet
removing GAACCTAGTCTCCCTA as doublet
removing GAACCTATCGCGCCAA as doublet
removing GAACGGAAGGCATTGG as doublet
removing GAACGGACAACCGCCA as doublet
removing GAACGGACACAAGCCC as doublet
removing GAACGGAGTCTCCACT as doublet
removing GAACGGAGTTACCAGT as doublet
removing GAAGCAGAGATCCGAG as doublet
removing GAAGCAGGTCCATCCT as doublet
removing GAAGCAGGTTCACCTC as doublet
removing GAATAAGAGATAGCAT as doublet
removing GAATAAGAGCTCCTCT as doublet
removing GAATAAGGTGGCAAAC as doublet
removing GAATGAAAGCCAGTTT as doublet
removing GAATGAAAGCTACCTA as doublet
removing GAATGAAGTAAAGTCA as doublet
removing GAATGAATCCGAACGC as doublet
removing GACACGCAGATGTTAG as doublet
removing GACACGCAGGCTACGA as doublet
removing GACACGCGTGCCTGCA as doublet
removing GACACGCGTTGGTTTG as doublet
removing GACACGCTCTTGTACT as doublet
removing GACAGAGAGATGTAAC as doublet
removing GACAGAGCACAACTGT as doublet
removing GACAGAGCATGCTAGT as doublet
removing GACAGAGGTCCGAATT as doublet
removing GACAGAGTCTACCTGC as doublet
removing GACCAATGTCGGCATC as doublet
removing GACCAATTCTTGCATT as doublet
removing GACCTGGCACCAACCG as doublet
removing GACCTGGGTAGAAGGA as doublet
removing GACCTGGTCCTTTCGG as doublet
removing GACGCGTCAACACCCG as doublet
removing GACGCGTCAATAGAGT as doublet
removing GACGTGCGTCCGAATT as doublet
removing GACGTGCTCGGAGCAA as doublet
removing GACGTGCTCTCGCATC as doublet
removing GACGTTAAGAGCTATA as doublet
removing GACGTTAAGCAGATCG as doublet
removing GACGTTACATACGCCG as doublet
removing GACGTTAGTAAGGGCT as doublet
removing GACGTTAGTACCGGCT as doublet
removing GACGTTATCCATGCTC as doublet
removing GACGTTATCCCAACGG as doublet
removing GACGTTATCTGCTGCT as doublet
removing GACTAACAGACCTTTG as doublet
removing GACTAACAGGGTGTTG as doublet
removing GACTAACCACAAGACG as doublet
removing GACTAACTCAAGAAGT as doublet
removing GACTAACTCACTATTC as doublet
removing GACTACAAGCGATATA as doublet
removing GACTACACACATTAGC as doublet
removing GACTACACACGACTCG as doublet
removing GACTACAGTGCCTGCA as doublet
removing GACTGCGAGACCACGA as doublet
removing GACTGCGAGCCCAGCT as doublet
removing GACTGCGTCAACACGT as doublet
removing GACTGCGTCACCTTAT as doublet
removing GACTGCGTCCTAGTGA as doublet
removing GAGCAGACATTCTCAT as doublet
removing GAGCAGAGTAAGTGGC as doublet
removing GAGGTGAAGCTTATCG as doublet
removing GAGGTGACACGAGGTA as doublet
removing GAGGTGACACTGTTAG as doublet
removing GAGGTGAGTGGACGAT as doublet
removing GAGGTGATCTACTCAT as doublet
removing GAGTCCGAGAGTAAGG as doublet
removing GAGTCCGTCAACGGCC as doublet
removing GATCAGTAGCAGATCG as doublet
removing GATCAGTCATTGTGCA as doublet
removing GATCGATTCAGAGGTG as doublet
removing GATCGCGAGTCCGGTC as doublet
removing GATCGCGAGTGTACGG as doublet
removing GATCGCGCACATGACT as doublet
removing GATCGCGCATGTTCCC as doublet
removing GATCGCGGTCCGTGAC as doublet
removing GATCGTAAGTGACTCT as doublet
removing GATCGTAAGTGCGTGA as doublet
removing GATCTAGAGTCCCACG as doublet
removing GATGAAAAGGTGGGTT as doublet
removing GATGAAACATACGCCG as doublet
removing GATGAGGCACGTGAGA as doublet
removing GATGAGGGTTAAGACA as doublet
removing GATGAGGTCTTAACCT as doublet
removing GATGCTAAGCACCGTC as doublet
removing GATTCAGCACAAGCCC as doublet
removing GATTCAGCACCAGCAC as doublet
removing GATTCAGGTTCCGGCA as doublet
removing GATTCAGTCAGCTCGG as doublet
removing GATTCAGTCTGCAGTA as doublet
removing GCAAACTAGCTCCTTC as doublet
removing GCAAACTCAAGCGATG as doublet
removing GCAAACTCACCAGGCT as doublet
removing GCAAACTCACGTCAGC as doublet
removing GCAAACTCATCGATTG as doublet
removing GCAAACTGTGATGCCC as doublet
removing GCAAACTTCTGATTCT as doublet
removing GCAATCAAGTCAAGCG as doublet
removing GCAATCAAGTTTCCTT as doublet
removing GCAATCAGTCATTAGC as doublet
removing GCAATCAGTCTCTTAT as doublet
removing GCAATCAGTCTTTCAT as doublet
removing GCAATCATCAGTTGAC as doublet
removing GCAATCATCTTGTTTG as doublet
removing GCACATAAGTTAAGTG as doublet
removing GCACATACAATTCCTT as doublet
removing GCACATACACATTTCT as doublet
removing GCACATACATCACAAC as doublet
removing GCACTCTAGCGTGTCC as doublet
removing GCACTCTGTAACGCGA as doublet
removing GCACTCTTCTTGAGGT as doublet
removing GCAGCCAAGACCTAGG as doublet
error	GCAGCCAAGCGCTCCA	2	1
removing GCAGCCACAAGGACAC as doublet
removing GCAGTTACAAGAAAGG as doublet
removing GCAGTTACAGCTGCTG as doublet
removing GCAGTTAGTAGCGATG as doublet
removing GCAGTTAGTCAACATC as doublet
removing GCATACAAGCACGCCT as doublet
removing GCATACACAGTCAGCC as doublet
removing GCATACATCTGCAAGT as doublet
removing GCATGATCACAGCCCA as doublet
removing GCATGATCAGCTTAAC as doublet
removing GCATGATGTCCATCCT as doublet
removing GCATGCGAGGAACTGC as doublet
removing GCATGCGAGTTAGCGG as doublet
removing GCATGCGCATCTATGG as doublet
removing GCATGCGCATTGTGCA as doublet
removing GCATGCGGTGTGACCC as doublet
removing GCATGCGTCTCCTATA as doublet
removing GCATGTACAACACGCC as doublet
removing GCATGTATCGCCATAA as doublet
removing GCATGTATCTTCCTTC as doublet
removing GCCAAATAGAGCTGCA as doublet
removing GCCAAATGTAAGTGTA as doublet
removing GCCAAATGTCCATGAT as doublet
removing GCCAAATTCTTTAGGG as doublet
removing GCCTCTACACCAACCG as doublet
removing GCCTCTAGTCTTTCAT as doublet
removing GCGACCAAGCATGGCA as doublet
removing GCGACCAGTACAGCAG as doublet
removing GCGACCAGTAGGAGTC as doublet
removing GCGACCATCCATGAAC as doublet
error	GCGAGAAAGGTAGCTG	1	0
removing GCGAGAACACATCTTT as doublet
removing GCGAGAATCTACTCAT as doublet
removing GCGAGAATCTCCAGGG as doublet
removing GCGCAACAGAGGGCTT as doublet
removing GCGCAACGTCGGCATC as doublet
removing GCGCAACGTCTCCACT as doublet
removing GCGCAGTCAGCTTAAC as doublet
removing GCGCAGTCAGTAAGAT as doublet
removing GCGCCAAAGACAGACC as doublet
removing GCGCCAAGTTACGTCA as doublet
removing GCGCCAATCCATGCTC as doublet
removing GCGCCAATCTCGTTTA as doublet
removing GCGCGATAGAGTTGGC as doublet
removing GCGCGATCAATGGACG as doublet
removing GCGCGATGTCTAACGT as doublet
removing GCGCGATGTTGTTTGG as doublet
removing GCGCGATTCTGGTATG as doublet
removing GCGGGTTCACCTATCC as doublet
removing GCGGGTTCATTGGTAC as doublet
removing GCGGGTTTCACCGTAA as doublet
removing GCTCCTAGTACCGTTA as doublet
removing GCTCCTATCTGTTGAG as doublet
removing GCTCTGTAGGTTACCT as doublet
removing GCTCTGTAGTCAATAG as doublet
removing GCTCTGTAGTGTTAGA as doublet
removing GCTCTGTCATATGAGA as doublet
removing GCTCTGTCATTCCTGC as doublet
removing GCTCTGTTCGCGTAGC as doublet
removing GCTGCAGCAGCATGAG as doublet
removing GCTGCAGGTGACTCAT as doublet
removing GCTGCAGGTTCCAACA as doublet
removing GCTGCAGTCGAGGTAG as doublet
removing GCTGCAGTCGTGGACC as doublet
removing GCTGCGAAGCCCTAAT as doublet
removing GCTGCGAAGGTGATAT as doublet
removing GCTGCGACACGCTTTC as doublet
removing GCTGCGAGTTCGTTGA as doublet
removing GCTGCGATCTTACCGC as doublet
removing GCTGCTTAGACACGAC as doublet
removing GCTGCTTAGCACACAG as doublet
removing GCTGCTTAGGACACCA as doublet
removing GCTGCTTAGTTAGGTA as doublet
removing GCTGCTTCAATCCAAC as doublet
removing GCTGCTTGTCGCTTCT as doublet
removing GCTGGGTAGATAGGAG as doublet
removing GCTGGGTAGATCCGAG as doublet
removing GCTGGGTGTTCCAACA as doublet
removing GCTGGGTTCGTCCGTT as doublet
removing GCTTCCAGTTATCGGT as doublet
removing GCTTCCAGTTCCACTC as doublet
removing GCTTGAAAGGCATGGT as doublet
removing GCTTGAAGTACATGTC as doublet
removing GCTTGAAGTACCATCA as doublet
removing GCTTGAAGTAGTACCT as doublet
removing GCTTGAAGTTTGTTTC as doublet
removing GCTTGAATCACCGGGT as doublet
removing GCTTGAATCGTAGGTT as doublet
removing GGAAAGCAGAGATGAG as doublet
removing GGAAAGCAGTGTGAAT as doublet
removing GGAAAGCAGTTACGGG as doublet
removing GGAAAGCCACTTACGA as doublet
removing GGAAAGCGTCTGCCAG as doublet
removing GGAAAGCGTTAAAGAC as doublet
removing GGAAAGCGTTTAAGCC as doublet
removing GGAAAGCTCCTGCCAT as doublet
removing GGAACTTAGGGCTCTC as doublet
removing GGAACTTAGTAGTGCG as doublet
removing GGAACTTCACATGGGA as doublet
removing GGAACTTGTGTTCGAT as doublet
removing GGAACTTGTTAAAGTG as doublet
removing GGAATAAAGCCAGTAG as doublet
removing GGAATAACAAACGCGA as doublet
removing GGAATAACATGTCCTC as doublet
removing GGAATAATCCTCAATT as doublet
removing GGACAAGAGACAAAGG as doublet
removing GGACAAGGTAGGAGTC as doublet
removing GGACAAGGTTCAGTAC as doublet
removing GGACAAGTCAGTTCGA as doublet
removing GGACAAGTCCATGCTC as doublet
removing GGACAAGTCCCATTTA as doublet
removing GGACAAGTCCGCGTTT as doublet
removing GGACAGAAGGCTCAGA as doublet
removing GGACAGATCCGCTGTT as doublet
removing GGACATTGTGTCTGAT as doublet
removing GGACATTTCCATGAAC as doublet
removing GGACATTTCTCGGACG as doublet
removing GGACATTTCTGCTTGC as doublet
removing GGACGTCCACCAGTTA as doublet
removing GGACGTCCACGAGGTA as doublet
removing GGACGTCCATTCTCAT as doublet
removing GGACGTCGTCCGTGAC as doublet
removing GGACGTCGTCGATTGT as doublet
removing GGACGTCTCTTCGGTC as doublet
removing GGAGCAAAGAGGTTAT as doublet
removing GGAGCAAAGGCTAGCA as doublet
removing GGAGCAACAACGATGG as doublet
removing GGAGCAAGTTTGGGCC as doublet
removing GGAGCAATCTTGGGTA as doublet
removing GGATGTTCACATGTGT as doublet
removing GGATGTTCACGTGAGA as doublet
removing GGATGTTCAGACGTAG as doublet
removing GGATGTTCATGCCCGA as doublet
removing GGATGTTGTCGGGTCT as doublet
removing GGATGTTGTGCACCAC as doublet
removing GGATGTTGTTAGTGGG as doublet
removing GGATGTTGTTGGTAAA as doublet
removing GGATTACAGCCGCCTA as doublet
removing GGATTACCAATGCCAT as doublet
removing GGATTACCATGACGGA as doublet
removing GGATTACCATGTCCTC as doublet
removing GGATTACGTACTTGAC as doublet
removing GGATTACGTCCAGTAT as doublet
removing GGATTACTCCTAGAAC as doublet
removing GGCAATTAGGATCGCA as doublet
removing GGCAATTAGTCTCAAC as doublet
removing GGCAATTTCAGATAAG as doublet
removing GGCCGATAGATACACA as doublet
removing GGCCGATGTCTAGAGG as doublet
removing GGCCGATTCCTCCTAG as doublet
removing GGCCGATTCTCCAGGG as doublet
removing GGCGACTAGGACAGAA as doublet
removing GGCGACTCACTAGTAC as doublet
removing GGCGACTTCTCCCTGA as doublet
removing GGCGTGTCATGCGCAC as doublet
removing GGCGTGTTCTAACTTC as doublet
removing GGCTCGACACTTCGAA as doublet
removing GGCTCGACATGAGCGA as doublet
removing GGGAATGCAACGATCT as doublet
removing GGGAATGGTGGCGAAT as doublet
removing GGGAATGTCTGAAAGA as doublet
removing GGGACCTAGATGTAAC as doublet
removing GGGACCTTCCACGCAG as doublet
removing GGGACCTTCTCATTCA as doublet
removing GGGAGATAGACTGGGT as doublet
removing GGGAGATAGTGGGATC as doublet
removing GGGATGACAATGAAAC as doublet
removing GGGATGAGTCGCGGTT as doublet
removing GGGATGAGTCTCTCGT as doublet
removing GGGCACTCATCCGTGG as doublet
removing GGGCACTCATTCCTGC as doublet
removing GGGCATCGTTGAACTC as doublet
removing GGGTCTGAGGAGCGAG as doublet
removing GGGTCTGGTATATGAG as doublet
removing GGGTCTGGTCTAGCGC as doublet
removing GGGTCTGGTGCCTGCA as doublet
removing GGGTCTGGTTAAGATG as doublet
removing GGGTCTGTCAACGGGA as doublet
removing GGGTTGCAGAATGTTG as doublet
removing GGGTTGCCAAGGTTTC as doublet
removing GGGTTGCTCACGCATA as doublet
removing GGGTTGCTCTTGTCAT as doublet
removing GGTATTGAGAAGGGTA as doublet
removing GGTATTGAGGGAGTAA as doublet
removing GGTATTGAGTTATCGC as doublet
removing GGTATTGGTTTGCATG as doublet
removing GGTGAAGAGGCATGGT as doublet
removing GGTGAAGAGTAACCCT as doublet
removing GGTGAAGCACACATGT as doublet
removing GGTGAAGCAGACAGGT as doublet
removing GGTGAAGTCACTGGGC as doublet
removing GGTGCGTAGGTTACCT as doublet
removing GGTGCGTCACGAAACG as doublet
removing GGTGCGTCAGGCGATA as doublet
removing GGTGCGTGTTCATGGT as doublet
removing GGTGTTAAGAAGGTTT as doublet
removing GGTGTTAAGCGACGTA as doublet
removing GGTGTTAAGCTAGTTC as doublet
removing GGTGTTAAGTTAGCGG as doublet
removing GTAACGTAGATGTGGC as doublet
removing GTAACGTAGCGTCAAG as doublet
removing GTAACGTCATCTGGTA as doublet
removing GTAACGTGTAACGCGA as doublet
removing GTAACGTGTACCGCTG as doublet
removing GTAACGTGTGCAACGA as doublet
removing GTAACTGAGCTGTTCA as doublet
removing GTAACTGTCGTTACAG as doublet
removing GTACGTAAGTACGACG as doublet
removing GTACGTAAGTACTTGC as doublet
removing GTACGTACACCATCCT as doublet
removing GTACGTAGTAATAGCA as doublet
removing GTACGTAGTCTCCCTA as doublet
removing GTACGTAGTGAGGCTA as doublet
removing GTACGTAGTGCACTTA as doublet
removing GTACGTAGTTGAGTTC as doublet
removing GTACGTATCCGCAAGC as doublet
removing GTACGTATCCGTTGCT as doublet
removing GTACGTATCCTGCAGG as doublet
removing GTACGTATCGTTTGCC as doublet
removing GTACTCCAGAATCTCC as doublet
removing GTACTCCAGCCACGTC as doublet
removing GTACTCCCACAGGCCT as doublet
removing GTACTTTAGAAGAAGC as doublet
removing GTACTTTAGAGTAATC as doublet
removing GTACTTTAGATCTGCT as doublet
removing GTACTTTAGCGATAGC as doublet
removing GTACTTTAGCTGCAAG as doublet
removing GTACTTTCAGCTCGAC as doublet
removing GTACTTTCAGTGAGTG as doublet
removing GTACTTTTCTTCTGGC as doublet
removing GTAGGCCCACGAAGCA as doublet
removing GTAGGCCGTCCGAATT as doublet
removing GTAGGCCTCACCGGGT as doublet
removing GTAGTCATCAACACAC as doublet
removing GTAGTCATCTCTAGGA as doublet
removing GTATCTTAGTGCGATG as doublet
removing GTATCTTCAATAAGCA as doublet
removing GTATCTTCATGCTGGC as doublet
removing GTATTCTGTTCAACCA as doublet
removing GTATTCTTCGCCATAA as doublet
removing GTCAAGTAGCCACGTC as doublet
removing GTCAAGTCAAGCCGCT as doublet
removing GTCAAGTCAATAGAGT as doublet
removing GTCAAGTCAATCTACG as doublet
removing GTCAAGTCATAGAAAC as doublet
removing GTCACAAAGAAACGAG as doublet
removing GTCACAAAGAGACTTA as doublet
removing GTCACAAAGATTACCC as doublet
removing GTCACAAAGGCGCTCT as doublet
removing GTCACAAAGGTGCAAC as doublet
removing GTCACAACACGGCTAC as doublet
removing GTCACGGTCTGCGGCA as doublet
removing GTCATTTAGATCCCAT as doublet
removing GTCATTTCACAGATTC as doublet
removing GTCATTTTCTCAAGTG as doublet
removing GTCCTCACAAATCCGT as doublet
removing GTCCTCACAACACGCC as doublet
removing GTCCTCACAGTTCATG as doublet
removing GTCCTCATCAGTCCCT as doublet
removing GTCGGGTCAACGCACC as doublet
removing GTCGTAAAGCGCTTAT as doublet
removing GTCGTAAGTATGGTTC as doublet
removing GTCGTAAGTTCTGGTA as doublet
removing GTCGTAATCAGCTGGC as doublet
removing GTCTCGTGTTCACGGC as doublet
removing GTCTTCGGTCTAGGTT as doublet
removing GTGAAGGTCACGATGT as doublet
removing GTGAAGGTCATTGCCC as doublet
removing GTGAAGGTCCATTCTA as doublet
removing GTGAAGGTCGTCCGTT as doublet
removing GTGCAGCGTAGCGTGA as doublet
removing GTGCAGCGTCTCCACT as doublet
removing GTGCAGCTCAATAAGG as doublet
removing GTGCATAAGACAGAGA as doublet
removing GTGCATAAGGATATAC as doublet
removing GTGCATAGTCTCTCTG as doublet
removing GTGCATATCAACCAAC as doublet
removing GTGCATATCATGCAAC as doublet
removing GTGCATATCCTAAGTG as doublet
removing GTGCATATCGGAGCAA as doublet
removing GTGCATATCTCTGTCG as doublet
removing GTGCGGTAGAATAGGG as doublet
removing GTGCGGTAGCCACTAT as doublet
removing GTGCGGTAGTTTCCTT as doublet
removing GTGCGGTCACACTGCG as doublet
removing GTGCGGTCATTCACTT as doublet
removing GTGCGGTTCGTTACAG as doublet
removing GTGCTTCCAAAGTCAA as doublet
removing GTGCTTCCAACTGCTA as doublet
removing GTGGGTCAGGCAGTCA as doublet
removing GTGGGTCAGGCTAGCA as doublet
removing GTGGGTCCACACTGCG as doublet
removing GTGGGTCCATTGTGCA as doublet
removing GTGGGTCGTAAGTGGC as doublet
removing GTGGGTCTCAGTGCAT as doublet
removing GTGTGCGAGCCAGGAT as doublet
removing GTGTGCGCAAACAACA as doublet
removing GTGTGCGGTTTACTCT as doublet
removing GTGTGCGTCATATCGG as doublet
removing GTGTTAGAGTGGAGAA as doublet
removing GTGTTAGTCCTGCCAT as doublet
removing GTGTTAGTCGGCGCTA as doublet
removing GTGTTAGTCTCTGAGA as doublet
removing GTTAAGCCAAACTGCT as doublet
removing GTTAAGCCACGCGAAA as doublet
removing GTTAAGCCACTTGGAT as doublet
removing GTTAAGCCATCCGTGG as doublet
removing GTTAAGCGTCCAAGTT as doublet
removing GTTAAGCGTCTTTCAT as doublet
removing GTTACAGAGAAACCAT as doublet
removing GTTACAGAGAACTCGG as doublet
removing GTTACAGCACCTTGTC as doublet
removing GTTACAGCAGTCGTGC as doublet
removing GTTACAGCATGGTCTA as doublet
removing GTTACAGTCCTAAGTG as doublet
removing GTTACAGTCTGAAAGA as doublet
removing GTTCATTGTCGCATAT as doublet
removing GTTCATTGTGATGCCC as doublet
removing GTTCATTTCCCTAATT as doublet
error	GTTCATTTCTAACCGA	1	2
removing GTTCGGGGTCTCCATC as doublet
removing GTTCGGGGTTGCTCCT as doublet
removing GTTCGGGTCACTATTC as doublet
removing GTTCTCGCACGGCCAT as doublet
removing GTTCTCGCAGCTGTGC as doublet
removing GTTCTCGGTCCGAAGA as doublet
removing GTTCTCGGTGTGAATA as doublet
removing GTTCTCGGTTATCGGT as doublet
removing GTTCTCGTCTTGCCGT as doublet
removing GTTTCTAAGAGTAATC as doublet
removing GTTTCTAAGGCATGTG as doublet
removing GTTTCTAGTCAAACTC as doublet
removing GTTTCTAGTCATCGGC as doublet
removing TAAACCGCAGGCGATA as doublet
removing TAAGAGAAGACTGTAA as doublet
removing TAAGAGATCCGCATCT as doublet
removing TAAGAGATCTCCAGGG as doublet
removing TAAGCGTCAATAGAGT as doublet
removing TAAGCGTCACAGTCGC as doublet
removing TAAGCGTCAGATTGCT as doublet
removing TAAGCGTTCAACACGT as doublet
removing TAAGTGCAGGATGGAA as doublet
removing TAAGTGCAGTTGAGTA as doublet
removing TAAGTGCAGTTTGCGT as doublet
removing TAAGTGCCACCTGGTG as doublet
removing TAAGTGCTCCGCGCAA as doublet
removing TAAGTGCTCGGCTTGG as doublet
removing TACACGAAGCTGTTCA as doublet
removing TACACGACAAAGGCGT as doublet
removing TACACGACAGGGAGAG as doublet
removing TACACGAGTCGAGTTT as doublet
removing TACACGATCTGGTGTA as doublet
removing TACAGTGAGATCCTGT as doublet
removing TACAGTGCATCCAACA as doublet
removing TACAGTGCATTGGTAC as doublet
removing TACAGTGGTGTCAATC as doublet
removing TACAGTGTCCTATTCA as doublet
removing TACAGTGTCGGATGTT as doublet
removing TACCTATAGCCACGCT as doublet
removing TACCTATAGCTCCTTC as doublet
removing TACCTATGTTAGTGGG as doublet
removing TACCTTACACCAGATT as doublet
removing TACCTTACAGCATGAG as doublet
removing TACCTTAGTAATTGGA as doublet
removing TACCTTATCACAGTAC as doublet
removing TACGGATAGTCCATAC as doublet
removing TACGGATCAATAGCGG as doublet
removing TACGGATCACGGTTTA as doublet
removing TACGGATGTTAAGACA as doublet
removing TACGGATGTTATCACG as doublet
removing TACGGGCAGACCACGA as doublet
removing TACGGGCGTCCGAATT as doublet
removing TACGGGCGTTTGTTGG as doublet
removing TACGGGCTCACTGGGC as doublet
removing TACGGTACATTTGCTT as doublet
removing TACGGTATCAGAGGTG as doublet
removing TACGGTATCCTTAATC as doublet
removing TACTCATAGAGGTTAT as doublet
removing TACTCATAGTCGCCGT as doublet
removing TACTCATCAGGAACGT as doublet
removing TACTCATGTAAGTTCC as doublet
removing TACTCATTCAAAGTAG as doublet
removing TACTCATTCATTGCGA as doublet
removing TACTCGCAGATGTGTA as doublet
removing TACTCGCGTCACACGC as doublet
removing TACTCGCTCCTATGTT as doublet
removing TACTCGCTCGGAGCAA as doublet
removing TACTCGCTCGTAGGAG as doublet
removing TACTCGCTCTGCGTAA as doublet
removing TACTTACAGCCTATGT as doublet
removing TACTTACGTAAGGGCT as doublet
removing TACTTGTAGATGTGTA as doublet
removing TACTTGTAGTAGCGGT as doublet
removing TACTTGTGTAAGAGGA as doublet
removing TACTTGTTCTACCTGC as doublet
removing TAGACCAAGGACCACA as doublet
removing TAGACCATCACTTCAT as doublet
removing TAGAGCTAGACAATAC as doublet
removing TAGAGCTAGATGAGAG as doublet
removing TAGAGCTAGGCATGTG as doublet
removing TAGAGCTTCAACGCTA as doublet
removing TAGCCGGGTCGACTAT as doublet
removing TAGCCGGGTCGGATCC as doublet
removing TAGGCATAGATAGCAT as doublet
removing TAGGCATAGTTTAGGA as doublet
removing TAGGCATCACATCCAA as doublet
removing TAGGCATCACCATCCT as doublet
removing TAGTGGTGTAAGAGAG as doublet
removing TAGTGGTGTTGCGTTA as doublet
removing TAGTGGTTCTTATCTG as doublet
removing TAGTTGGAGATGAGAG as doublet
removing TAGTTGGGTAAGTAGT as doublet
removing TAGTTGGGTCCGTTAA as doublet
removing TATCAGGCAGTTCCCT as doublet
removing TATCAGGGTTAAGATG as doublet
removing TATCTCACACCTATCC as doublet
removing TATCTCACACGGTAGA as doublet
removing TATCTCAGTCAATACC as doublet
removing TATCTCATCCGTAGGC as doublet
removing TATGCCCCAGTAAGAT as doublet
removing TATGCCCTCATGTCCC as doublet
removing TATTACCAGGATATAC as doublet
removing TATTACCGTCACTTCC as doublet
removing TATTACCGTCAGAAGC as doublet
removing TATTACCGTGAAAGAG as doublet
removing TATTACCTCACATGCA as doublet
removing TATTACCTCTTTAGGG as doublet
removing TCAACGAAGCACACAG as doublet
removing TCAATCTAGGAATGGA as doublet
removing TCAATCTCAGCTGGCT as doublet
removing TCAATCTTCACTTCAT as doublet
removing TCAATCTTCAGGCCCA as doublet
removing TCACAAGCAGGGTACA as doublet
removing TCACAAGGTACGAAAT as doublet
removing TCACAAGTCGCATGGC as doublet
removing TCACGAACAAAGGCGT as doublet
removing TCACGAACAAGCGTAG as doublet
removing TCACGAACATCACGAT as doublet
removing TCAGATGAGCGTTTAC as doublet
removing TCAGATGCAAAGCGGT as doublet
removing TCAGATGCAAGCTGAG as doublet
removing TCAGATGCATGCCTTC as doublet
removing TCAGATGGTAGGGTAC as doublet
removing TCAGATGGTCTTCGTC as doublet
removing TCAGATGGTGCTGTAT as doublet
removing TCAGCAAAGTACGTTC as doublet
removing TCAGCAAAGTTCGATC as doublet
removing TCAGCAACACAGACTT as doublet
removing TCAGCAAGTACAGTTC as doublet
removing TCAGCAATCGCCCTTA as doublet
removing TCAGCAATCGGCGGTT as doublet
removing TCAGCTCGTATGCTTG as doublet
removing TCAGCTCTCTGAGGGA as doublet
removing TCAGGATCACCACCAG as doublet
removing TCAGGATGTATGAATG as doublet
removing TCAGGATTCAATCACG as doublet
removing TCAGGTAAGGGCACTA as doublet
removing TCAGGTATCAGCATGT as doublet
removing TCAGGTATCTACGAGT as doublet
removing TCAGGTATCTCTGTCG as doublet
removing TCATTACAGGAGTTGC as doublet
removing TCATTACCAGATAATG as doublet
removing TCATTACCATCTGGTA as doublet
removing TCATTACTCTTGTATC as doublet
removing TCATTACTCTTTAGTC as doublet
removing TCATTTGTCCTGCCAT as doublet
removing TCCACACAGGACAGAA as doublet
removing TCCACACTCGACCAGC as doublet
removing TCCCGATAGTGAACAT as doublet
removing TCCCGATGTAGCTGCC as doublet
removing TCCCGATTCGTCTGCT as doublet
removing TCGAGGCCAATTCCTT as doublet
removing TCGAGGCCAGCCTTGG as doublet
removing TCGAGGCGTTTGTGTG as doublet
removing TCGCGTTAGGGTGTGT as doublet
removing TCGCGTTGTCAATGTC as doublet
removing TCGCGTTGTCATCGGC as doublet
removing TCGCGTTGTCTGCGGT as doublet
removing TCGGGACCATCATCCC as doublet
removing TCGGGACTCAGTACGT as doublet
removing TCGGTAAAGGATATAC as doublet
removing TCGGTAACAACTGGCC as doublet
removing TCGGTAACACTGTCGG as doublet
removing TCGGTAAGTATAGGGC as doublet
removing TCGGTAAGTCATCCCT as doublet
removing TCGTACCAGACCTAGG as doublet
removing TCGTACCGTCACCCAG as doublet
removing TCGTACCGTTCAGTAC as doublet
removing TCGTACCTCGGAGGTA as doublet
removing TCGTAGACACGGTGTC as doublet
removing TCGTAGACATCCCATC as doublet
removing TCGTAGAGTGATAAGT as doublet
removing TCGTAGAGTTAAAGTG as doublet
removing TCTATTGAGCGTGAAC as doublet
removing TCTATTGAGCTACCGC as doublet
removing TCTATTGCAAACAACA as doublet
removing TCTATTGCACCTATCC as doublet
removing TCTATTGGTGCAACTT as doublet
removing TCTCATAAGGCGACAT as doublet
removing TCTCATAGTCTACCTC as doublet
removing TCTCATATCACATACG as doublet
removing TCTCTAAAGGCATTGG as doublet
removing TCTCTAACAATGAAAC as doublet
removing TCTCTAACATAGTAAG as doublet
removing TCTCTAAGTCAGAGGT as doublet
removing TCTCTAAGTCTTGCGG as doublet
removing TCTCTAATCAGTCAGT as doublet
removing TCTCTAATCCTCAACC as doublet
removing TCTGAGAAGGTAGCCA as doublet
removing TCTGAGATCCAAGCCG as doublet
removing TCTGGAAAGTGTCCCG as doublet
removing TCTGGAACACAACGCC as doublet
removing TCTGGAATCGTTGACA as doublet
removing TCTTCGGCAAAGCGGT as doublet
removing TCTTCGGCATGGAATA as doublet
removing TCTTCGGGTTGTGGAG as doublet
removing TCTTCGGTCGATAGAA as doublet
removing TCTTCGGTCGGCGCTA as doublet
removing TCTTTCCAGATGCCAG as doublet
removing TGAAAGAAGAGGACGG as doublet
removing TGAAAGAAGGACATTA as doublet
removing TGAAAGACAGCTGGCT as doublet
removing TGAAAGAGTCTGCAAT as doublet
removing TGAAAGATCTTGGGTA as doublet
removing TGACAACGTACATGTC as doublet
removing TGACTAGAGAGAACAG as doublet
removing TGACTAGAGTCCGTAT as doublet
removing TGACTAGCACGGATAG as doublet
removing TGACTAGCAGACAGGT as doublet
removing TGACTTTAGATGTGTA as doublet
removing TGACTTTCACTAAGTC as doublet
removing TGACTTTGTCTCCCTA as doublet
removing TGACTTTTCGTCTGCT as doublet
removing TGACTTTTCTGCTGTC as doublet
removing TGACTTTTCTTCTGGC as doublet
removing TGAGAGGCAAGTTGTC as doublet
removing TGAGAGGCAGACAAAT as doublet
removing TGAGAGGCATTATCTC as doublet
removing TGAGAGGGTCAATACC as doublet
removing TGAGAGGGTCTAGTCA as doublet
removing TGAGAGGTCTTGTTTG as doublet
removing TGAGCATAGATATGGT as doublet
removing TGAGCATAGCTGGAAC as doublet
removing TGAGCATAGGTAGCTG as doublet
removing TGAGCATCACGAAACG as doublet
removing TGAGCATCAGCGTTCG as doublet
removing TGAGCATCAGTTCATG as doublet
removing TGAGCCGAGGACTGGT as doublet
removing TGAGGGACAATCTGCA as doublet
removing TGAGGGAGTAGCTTGT as doublet
removing TGAGGGATCGTTTATC as doublet
removing TGATTTCCACCAGGTC as doublet
removing TGATTTCCACGTTGGC as doublet
removing TGATTTCGTATCTGCA as doublet
removing TGCACCTAGGTGTGGT as doublet
removing TGCACCTGTCTTGTCC as doublet
removing TGCACCTTCCTCCTAG as doublet
removing TGCACCTTCTAAGCCA as doublet
removing TGCCAAAAGTGGTAAT as doublet
removing TGCCAAACAGCTGGCT as doublet
removing TGCCAAATCCGCGCAA as doublet
removing TGCCCATGTAATTGGA as doublet
removing TGCCCTAAGAGGTAGA as doublet
removing TGCCCTATCCTAGAAC as doublet
removing TGCGCAGAGCGCCTCA as doublet
removing TGCGCAGGTACACCGC as doublet
removing TGCGCAGGTAGAAGGA as doublet
removing TGCGGGTCATCTATGG as doublet
removing TGCGGGTGTTTAGCTG as doublet
removing TGCGGGTTCATCACCC as doublet
removing TGCGTGGAGACTTGAA as doublet
removing TGCGTGGGTAACGACG as doublet
removing TGCGTGGTCAGCGATT as doublet
removing TGCGTGGTCTACCTGC as doublet
removing TGCTACCGTAAGAGGA as doublet
removing TGCTACCGTCAAAGAT as doublet
removing TGCTACCTCCAAACTG as doublet
removing TGCTGCTAGACTGGGT as doublet
removing TGCTGCTTCCAAGCCG as doublet
removing TGGACGCCAGCTCGCA as doublet
removing TGGACGCCAGCTGCTG as doublet
removing TGGACGCCATGGTCTA as doublet
removing TGGACGCTCAGGCAAG as doublet
removing TGGCCAGCAAGCCGCT as doublet
removing TGGCCAGCAGATGGCA as doublet
removing TGGCCAGCAGATTGCT as doublet
removing TGGCCAGCAGCAGTTT as doublet
removing TGGCCAGGTGCGGTAA as doublet
removing TGGCCAGGTTTAGGAA as doublet
removing TGGCCAGTCATTCACT as doublet
removing TGGCGCAAGGCTATCT as doublet
removing TGGCGCATCCGCATAA as doublet
removing TGGCGCATCGATGAGG as doublet
removing TGGCTGGAGAGTGACC as doublet
removing TGGCTGGCACGGACAA as doublet
removing TGGCTGGCACTGTGTA as doublet
removing TGGCTGGCATATACGC as doublet
removing TGGCTGGTCGAATCCA as doublet
removing TGGCTGGTCTAACTGG as doublet
removing TGGGAAGAGCTGAAAT as doublet
removing TGGGCGTAGCGTGAAC as doublet
removing TGGGCGTCACTGTGTA as doublet
removing TGGGCGTGTAGAGTGC as doublet
removing TGGGCGTGTGCTCTTC as doublet
removing TGGGCGTGTTTAGCTG as doublet
removing TGGTTAGAGACTCGGA as doublet
removing TGGTTAGAGAGTACAT as doublet
removing TGGTTAGAGGATATAC as doublet
removing TGGTTAGGTGCAACTT as doublet
removing TGGTTAGTCCTTCAAT as doublet
removing TGGTTCCAGGATGTAT as doublet
removing TGGTTCCTCATGGTCA as doublet
removing TGTCCCAAGTACATGA as doublet
removing TGTCCCAGTCTTGATG as doublet
removing TGTGGTAGTTCCACGG as doublet
error	TGTGGTATCAGAGACG	1	3
removing TGTGGTATCATCTGTT as doublet
removing TGTGGTATCGGCATCG as doublet
removing TGTGGTATCTCAACTT as doublet
removing TGTGTTTAGGACCACA as doublet
removing TGTGTTTAGTACACCT as doublet
removing TGTGTTTCACCCTATC as doublet
removing TGTGTTTTCCGTAGGC as doublet
removing TGTTCCGCACGCATCG as doublet
removing TGTTCCGCATCGATTG as doublet
removing TGTTCCGGTCCATGAT as doublet
removing TGTTCCGGTCCCTACT as doublet
removing TGTTCCGGTTCAGTAC as doublet
removing TGTTCCGTCCCTTGCA as doublet
removing TTAACTCCATTTCAGG as doublet
removing TTAACTCGTCAACTGT as doublet
removing TTAACTCTCCAATGGT as doublet
removing TTAGGACAGCGCTTAT as doublet
removing TTAGGACCAAGTAATG as doublet
removing TTAGGACCACGGTAAG as doublet
removing TTAGGACCACTTAAGC as doublet
removing TTAGGACGTTAAGAAC as doublet
removing TTAGGCAAGTGTTGAA as doublet
removing TTAGGCACATCCGGGT as doublet
removing TTAGGCATCTGCTGTC as doublet
removing TTAGTTCCACAAGACG as doublet
removing TTATGCTAGATCCCAT as doublet
removing TTATGCTCAGTTCCCT as doublet
removing TTATGCTGTTGTGGAG as doublet
removing TTCCCAGAGTGTGGCA as doublet
removing TTCCCAGCATGAGCGA as doublet
removing TTCCCAGCATTGCGGC as doublet
removing TTCCCAGGTACTCTCC as doublet
removing TTCCCAGGTGGTCCGT as doublet
removing TTCCCAGTCTAACTTC as doublet
removing TTCGAAGCAGTTCATG as doublet
removing TTCGGTCAGGTGGGTT as doublet
removing TTCGGTCGTCCTCTTG as doublet
removing TTCGGTCTCACCAGGC as doublet
removing TTCGGTCTCCACGACG as doublet
removing TTCTACATCACGCATA as doublet
removing TTCTACATCTACCAGA as doublet
removing TTCTCAAAGCACAGGT as doublet
removing TTCTCAACACCTCGTT as doublet
removing TTCTCAACAGACGCTC as doublet
removing TTCTCAATCCTGCTTG as doublet
removing TTCTCAATCTGCGTAA as doublet
removing TTCTCCTGTCTCTCGT as doublet
removing TTCTCCTTCGAATGGG as doublet
removing TTCTTAGAGAAGGTTT as doublet
removing TTCTTAGAGAATGTGT as doublet
removing TTCTTAGAGTCCGGTC as doublet
removing TTCTTAGCAATGTAAG as doublet
removing TTCTTAGCACATTAGC as doublet
removing TTCTTAGCAGTAAGAT as doublet
removing TTCTTAGCATTCTTAC as doublet
removing TTCTTAGGTAACGTTC as doublet
removing TTCTTAGGTTAGGGTG as doublet
removing TTCTTAGTCAACACTG as doublet
removing TTCTTAGTCATTGCCC as doublet
removing TTCTTAGTCTCCCTGA as doublet
removing TTGAACGAGATGAGAG as doublet
removing TTGAACGGTAAGAGAG as doublet
removing TTGAACGGTCTCTCGT as doublet
removing TTGAACGGTGTGTGCC as doublet
removing TTGAACGTCCTCATTA as doublet
removing TTGACTTAGATAGCAT as doublet
removing TTGACTTAGCTGCCCA as doublet
removing TTGACTTTCCATTCTA as doublet
removing TTGACTTTCGCGATCG as doublet
removing TTGACTTTCTAACTCT as doublet
removing TTGCCGTAGAACTCGG as doublet
removing TTGCCGTAGGTTACCT as doublet
removing TTGCCGTTCAATCACG as doublet
removing TTGCCGTTCCGCATCT as doublet
removing TTGCCGTTCTGTCTCG as doublet
removing TTGCCGTTCTTGCATT as doublet
removing TTGCGTCTCAGTACGT as doublet
removing TTGGAACAGCTAACAA as doublet
removing TTGGAACAGCTAGGCA as doublet
removing TTGGAACGTCCATCCT as doublet
removing TTGGAACTCGCTGATA as doublet
removing TTGGCAAAGACTTGAA as doublet
removing TTGGCAAAGATGTGGC as doublet
removing TTGGCAAAGCCACCTG as doublet
removing TTGGCAAGTAGCGTGA as doublet
removing TTGGCAAGTTAAAGTG as doublet
removing TTGGCAATCATCTGCC as doublet
removing TTGGCAATCCCGGATG as doublet
removing TTGGCAATCGACCAGC as doublet
removing TTGTAGGCATAAGACA as doublet
removing TTGTAGGGTCCGAATT as doublet
removing TTGTAGGGTGATAAAC as doublet
removing TTGTAGGTCAGAAATG as doublet
removing TTTACTGAGTGAACGC as doublet
removing TTTACTGCACTAAGTC as doublet
removing TTTACTGCATGGAATA as doublet
removing TTTACTGGTCGGATCC as doublet
removing TTTACTGTCTACGAGT as doublet
removing TTTACTGTCTATGTGG as doublet
removing TTTATGCAGGCCATAG as doublet
removing TTTATGCCAAACTGTC as doublet
removing TTTATGCGTCTAAAGA as doublet
removing TTTATGCGTCTCATCC as doublet
removing TTTATGCTCTCTAAGG as doublet
removing TTTCCTCAGACAGAGA as doublet
removing TTTCCTCAGCCCAATT as doublet
removing TTTCCTCAGCGATGAC as doublet
removing TTTCCTCCACGAGAGT as doublet
removing TTTCCTCTCGCTAGCG as doublet
removing TTTCCTCTCTTCGAGA as doublet
removing TTTGCGCAGGATGTAT as doublet
removing TTTGCGCAGGCTACGA as doublet
removing TTTGCGCTCATGTCTT as doublet
removing TTTGTCAAGCTCCCAG as doublet
removing TTTGTCACATACTCTT as doublet
removing TTTGTCAGTAGCAAAT as doublet
removing TTTGTCATCTATCGCC as doublet
1861 cells removed this round
removing AAACGGGAGGTGATAT as doublet
removing AAAGATGCAAGCTGGA as doublet
removing AAAGCAAAGAGACTTA as doublet
removing AAAGTAGAGCGTTCCG as doublet
removing AAAGTAGGTTTGCATG as doublet
removing AACGTTGTCTGAAAGA as doublet
error	AAGTCTGGTTCCGTCT	2	1
removing ACAGCCGGTACGCTGC as doublet
removing ACATACGAGGAACTGC as doublet
removing ACGCAGCAGATGCCTT as doublet
removing ACTGAGTTCCGTAGGC as doublet
removing ACTGATGCAATGGAGC as doublet
removing ACTTACTCAGGGTATG as doublet
error	AGACGTTTCGTACGGC	0	1
removing AGGGAGTTCACAGGCC as doublet
removing AGGGATGGTGAAAGAG as doublet
removing ATAAGAGTCCTTTCTC as doublet
removing ATCATCTTCGATAGAA as doublet
removing ATCCGAATCTCTGAGA as doublet
removing ATGTGTGGTGTCTGAT as doublet
removing CAACCTCTCATGTCTT as doublet
removing CACAAACAGTCGTACT as doublet
removing CACACAAAGCAGCCTC as doublet
removing CACCAGGAGTGATCGG as doublet
removing CACTCCACAAACAACA as doublet
removing CATGCCTGTAGCTAAA as doublet
error	CATTATCAGTCCAGGA	0	1
removing CCACGGAGTCCGTCAG as doublet
removing CCCAGTTCAAGCGAGT as doublet
removing CCCTCCTGTTGAACTC as doublet
removing CCTCAGTAGCTAGTGG as doublet
removing CCTTCCCAGGTGCACA as doublet
removing CGAGAAGGTCAATGTC as doublet
removing CGAGCCAGTACCTACA as doublet
removing CGCGTTTCATCACGAT as doublet
error	CGCTATCGTATCGCAT	0	1
removing CGGACGTTCCTTCAAT as doublet
removing CGGAGCTAGTTATCGC as doublet
removing CGGCTAGAGCTCCTTC as doublet
removing CGGCTAGTCCGCGGTA as doublet
removing CGTCACTTCAACACAC as doublet
removing CTACACCCACGGTAAG as doublet
error	CTAGTGAAGGCTCATT	1	2
removing CTCGAAAGTGACGGTA as doublet
error	CTCGTCATCAGTCAGT	0	1
removing CTGCGGACAGGGCATA as doublet
removing CTGCTGTGTACTTGAC as doublet
removing CTTCTCTTCAGAGCTT as doublet
removing GAAACTCAGAGCTATA as doublet
removing GAAACTCAGGTAAACT as doublet
removing GAAGCAGAGATAGCAT as doublet
removing GAATGAATCAGCGACC as doublet
error	GACACGCCAAGCCGCT	1	0
removing GACCTGGAGCGCTTAT as doublet
removing GACCTGGAGTGTGGCA as doublet
removing GACGTTATCACTCTTA as doublet
removing GAGGTGACAATAACGA as doublet
removing GATCGTAAGGTAGCCA as doublet
error	GCAGCCAAGCGCTCCA	2	1
removing GCATACAGTAACGACG as doublet
removing GCATGTAGTGATAAAC as doublet
removing GCATGTATCACCTTAT as doublet
removing GCCTCTAGTTAGTGGG as doublet
removing GCGCAACCAGACAAAT as doublet
removing GCGCAGTCAAGAAGAG as doublet
removing GCTCCTATCCGCGCAA as doublet
removing GCTGCTTTCGCGATCG as doublet
removing GGACATTTCTTGCATT as doublet
removing GGCGACTAGCTCAACT as doublet
removing GGGACCTAGACCACGA as doublet
removing GGGCACTCAGGGTATG as doublet
removing GGTATTGTCAACCAAC as doublet
removing GGTGAAGCAGGATCGA as doublet
removing GGTGTTAGTAGCTTGT as doublet
removing GTAGTCAGTCAAACTC as doublet
removing GTATCTTCACAGGCCT as doublet
error	GTATTCTAGAATTCCC	0	1
removing GTCCTCAAGGAATCGC as doublet
removing GTCCTCATCTAACGGT as doublet
removing GTGCATATCACTTATC as doublet
error	GTTCATTTCTAACCGA	1	2
removing GTTCTCGAGTAATCCC as doublet
removing TAAGCGTAGAGATGAG as doublet
removing TACGGATCAAGCCCAC as doublet
removing TACGGGCCAAGGACAC as doublet
removing TAGACCACAGTTCATG as doublet
removing TCAGGATCAGTATAAG as doublet
removing TCGAGGCCAGATAATG as doublet
removing TCGCGTTCACTACAGT as doublet
removing TCGTAGAGTGCTTCTC as doublet
removing TCTGGAAGTTCGCTAA as doublet
error	TGACTTTTCCGCTGTT	0	1
removing TGAGCATAGTACACCT as doublet
removing TGCTACCTCGTAGGAG as doublet
removing TGGCCAGTCTTGAGGT as doublet
removing TGGCGCACATGTCCTC as doublet
removing TGGTTAGTCTCACATT as doublet
removing TGTATTCTCAGTGCAT as doublet
removing TGTGGTAGTCGCTTTC as doublet
removing TTAACTCAGCCCTAAT as doublet
removing TTCTACAAGCTTCGCG as doublet
removing TTCTACAGTACCGCTG as doublet
removing TTCTCCTCAAGTTGTC as doublet
removing TTGGAACTCATTCACT as doublet
removing TTGGCAATCCCTTGTG as doublet
error	TTTATGCTCCTCTAGC	0	1
removing TTTCCTCGTACCTACA as doublet
removing TTTGGTTGTCGGATCC as doublet
96 cells removed this round
error	AAGTCTGGTTCCGTCT	2	1
error	AGACGTTTCGTACGGC	0	1
removing AGATCTGAGCTGAACG as doublet
removing ATAAGAGTCTTGCCGT as doublet
removing CACATAGCAACACCCG as doublet
error	CATTATCAGTCCAGGA	0	1
removing CATTCGCAGATCACGG as doublet
error	CGCTATCGTATCGCAT	0	1
error	CTAGTGAAGGCTCATT	1	2
error	CTCGTCATCAGTCAGT	0	1
removing CTCTACGCAATCACAC as doublet
removing CTCTGGTGTACTTAGC as doublet
error	GACACGCCAAGCCGCT	1	0
error	GACGTGCGTAATTGGA	0	1
error	GCAGCCAAGCGCTCCA	2	1
removing GCTGCGATCGACGGAA as doublet
error	GTATTCTAGAATTCCC	0	1
removing GTGTTAGTCAGTACGT as doublet
error	GTTCATTTCTAACCGA	1	2
removing GTTCTCGTCTCGCTTG as doublet
error	TGACTTTTCCGCTGTT	0	1
error	TTTATGCTCCTCTAGC	0	1
9 cells removed this round
removing AAGGTTCCAGGTCCAC as doublet
error	AAGTCTGGTTCCGTCT	2	1
error	AGACGTTTCGTACGGC	0	1
error	CATTATCAGTCCAGGA	0	1
error	CGCTATCGTATCGCAT	0	1
error	CTAGTGAAGGCTCATT	1	2
error	CTCGTCATCAGTCAGT	0	1
error	GACACGCCAAGCCGCT	1	0
error	GACGTGCGTAATTGGA	0	1
error	GCAGCCAAGCGCTCCA	2	1
error	GTATTCTAGAATTCCC	0	1
error	GTTCATTTCTAACCGA	1	2
error	TGACTTTTCCGCTGTT	0	1
error	TTTATGCTCCTCTAGC	0	1
1 cells removed this round
error	AAGTCTGGTTCCGTCT	2	1
error	AGACGTTTCGTACGGC	0	1
error	CATTATCAGTCCAGGA	0	1
error	CGCTATCGTATCGCAT	0	1
error	CTAGTGAAGGCTCATT	1	2
error	CTCGTCATCAGTCAGT	0	1
error	GACACGCCAAGCCGCT	1	0
error	GACGTGCGTAATTGGA	0	1
error	GCAGCCAAGCGCTCCA	2	1
error	GTATTCTAGAATTCCC	0	1
error	GTTCATTTCTAACCGA	1	2
error	TGACTTTTCCGCTGTT	0	1
error	TTTATGCTCCTCTAGC	0	1
0 cells removed this round
